2016-03-19 00:50:15,027 [Worker-21] INFO  o.e.m.c.i.l.LifecycleMappingFactory - Using org.maven.ide.eclipse.wtp.WarLifecycleMapping lifecycle mapping for MavenProject: RESTExample:RESTExample:0.0.1-SNAPSHOT @ C:\ASE\RESTExample\pom.xml.
2016-03-19 00:50:17,455 [Worker-21] WARN  o.e.m.c.i.embedder.EclipseLogger - Using platform encoding (Cp1252 actually) to copy filtered resources, i.e. build is platform dependent!
2016-03-19 00:50:17,463 [Worker-21] INFO  o.e.m.c.i.embedder.EclipseLogger - skip non existing resourceDirectory C:\ASE\RESTExample\src\main\resources
2016-03-19 00:50:17,468 [Worker-21] WARN  o.e.m.c.i.embedder.EclipseLogger - Using platform encoding (Cp1252 actually) to copy filtered resources, i.e. build is platform dependent!
2016-03-19 00:50:17,474 [Worker-21] INFO  o.e.m.c.i.embedder.EclipseLogger - skip non existing resourceDirectory C:\ASE\RESTExample\src\test\resources
2016-03-19 00:50:18,556 [Worker-24] INFO  o.e.m.c.i.l.LifecycleMappingFactory - Using org.maven.ide.eclipse.wtp.WarLifecycleMapping lifecycle mapping for MavenProject: RESTExample:RESTExample:0.0.1-SNAPSHOT @ C:\ASE\RESTExample\pom.xml.
2016-03-19 00:50:20,567 [Worker-29] WARN  o.e.m.c.i.embedder.EclipseLogger - Using platform encoding (Cp1252 actually) to copy filtered resources, i.e. build is platform dependent!
2016-03-19 00:50:20,574 [Worker-29] INFO  o.e.m.c.i.embedder.EclipseLogger - skip non existing resourceDirectory C:\ASE\RESTExample\src\main\resources
2016-03-19 00:50:20,577 [Worker-29] WARN  o.e.m.c.i.embedder.EclipseLogger - Using platform encoding (Cp1252 actually) to copy filtered resources, i.e. build is platform dependent!
2016-03-19 00:50:20,584 [Worker-29] INFO  o.e.m.c.i.embedder.EclipseLogger - skip non existing resourceDirectory C:\ASE\RESTExample\src\test\resources
2016-03-19 01:02:40,677 [Worker-34] INFO  o.e.m.c.i.l.LifecycleMappingFactory - Using org.maven.ide.eclipse.wtp.WarLifecycleMapping lifecycle mapping for MavenProject: RESTExampleUMKC:RESTExampleUMKC:0.0.1-SNAPSHOT @ C:\Users\sushm\Lab6\RESTExampleUMKC\pom.xml.
2016-03-19 01:02:41,135 [Worker-34] INFO  o.e.m.c.i.p.ProjectConfigurationManager - Update started
2016-03-19 01:02:41,417 [Worker-34] INFO  o.e.m.c.i.l.LifecycleMappingFactory - Using org.maven.ide.eclipse.wtp.WarLifecycleMapping lifecycle mapping for MavenProject: RESTExampleUMKC:RESTExampleUMKC:0.0.1-SNAPSHOT @ C:\Users\sushm\Lab6\RESTExampleUMKC\pom.xml.
2016-03-19 01:02:41,618 [Worker-34] INFO  o.e.m.w.i.f.ResourceFilteringBuildParticipant - Cleaning filtered folder for RESTExampleUMKC
2016-03-19 01:02:41,645 [Worker-34] INFO  o.e.m.c.i.p.ProjectConfigurationManager - Update completed: 0 sec
2016-03-19 01:02:41,780 [Worker-24] WARN  o.e.m.c.i.embedder.EclipseLogger - Using platform encoding (Cp1252 actually) to copy filtered resources, i.e. build is platform dependent!
2016-03-19 01:02:41,791 [Worker-24] INFO  o.e.m.c.i.embedder.EclipseLogger - skip non existing resourceDirectory C:\Users\sushm\Lab6\RESTExampleUMKC\src\main\resources
2016-03-19 01:02:41,793 [Worker-24] WARN  o.e.m.c.i.embedder.EclipseLogger - Using platform encoding (Cp1252 actually) to copy filtered resources, i.e. build is platform dependent!
2016-03-19 01:02:41,800 [Worker-24] INFO  o.e.m.c.i.embedder.EclipseLogger - skip non existing resourceDirectory C:\Users\sushm\Lab6\RESTExampleUMKC\src\test\resources
2016-03-19 01:02:41,801 [Worker-24] INFO  o.e.m.w.i.f.ResourceFilteringBuildParticipant - Changed resources require a complete clean of filtered resources of RESTExampleUMKC
2016-03-19 01:02:41,816 [Worker-24] INFO  o.e.m.w.i.f.ResourceFilteringBuildParticipant - Executing resource filtering for RESTExampleUMKC
2016-03-19 01:02:41,841 [Worker-24] WARN  o.e.m.c.i.embedder.EclipseLogger - Using platform encoding (Cp1252 actually) to copy filtered resources, i.e. build is platform dependent!
2016-03-19 01:03:18,623 [Worker-33] WARN  o.e.m.c.i.embedder.EclipseLogger - Using platform encoding (Cp1252 actually) to copy filtered resources, i.e. build is platform dependent!
2016-03-19 01:03:18,638 [Worker-33] INFO  o.e.m.c.i.embedder.EclipseLogger - skip non existing resourceDirectory C:\Users\sushm\Lab6\RESTExampleUMKC\src\main\resources
2016-03-19 01:03:18,642 [Worker-33] WARN  o.e.m.c.i.embedder.EclipseLogger - Using platform encoding (Cp1252 actually) to copy filtered resources, i.e. build is platform dependent!
2016-03-19 01:03:18,646 [Worker-33] INFO  o.e.m.c.i.embedder.EclipseLogger - skip non existing resourceDirectory C:\Users\sushm\Lab6\RESTExampleUMKC\src\test\resources
2016-03-19 01:04:27,386 [Worker-33] INFO  o.e.m.c.i.l.LifecycleMappingFactory - Using org.maven.ide.eclipse.wtp.WarLifecycleMapping lifecycle mapping for MavenProject: RESTExampleUMKC:RESTExampleUMKC:0.0.1-SNAPSHOT @ C:\Users\sushm\Lab6\RESTExampleUMKC\pom.xml.
2016-03-19 01:04:27,425 [Worker-33] WARN  o.e.m.c.i.embedder.EclipseLogger - Using platform encoding (Cp1252 actually) to copy filtered resources, i.e. build is platform dependent!
2016-03-19 01:04:27,433 [Worker-33] INFO  o.e.m.c.i.embedder.EclipseLogger - skip non existing resourceDirectory C:\Users\sushm\Lab6\RESTExampleUMKC\src\main\resources
2016-03-19 01:04:27,438 [Worker-33] WARN  o.e.m.c.i.embedder.EclipseLogger - Using platform encoding (Cp1252 actually) to copy filtered resources, i.e. build is platform dependent!
2016-03-19 01:04:27,444 [Worker-33] INFO  o.e.m.c.i.embedder.EclipseLogger - skip non existing resourceDirectory C:\Users\sushm\Lab6\RESTExampleUMKC\src\test\resources
2016-03-19 01:04:27,444 [Worker-33] INFO  o.e.m.w.i.f.ResourceFilteringBuildParticipant - Changed resources require a complete clean of filtered resources of RESTExampleUMKC
2016-03-19 01:04:27,447 [Worker-33] INFO  o.e.m.w.i.f.ResourceFilteringBuildParticipant - Executing resource filtering for RESTExampleUMKC
2016-03-19 01:04:27,452 [Worker-33] WARN  o.e.m.c.i.embedder.EclipseLogger - Using platform encoding (Cp1252 actually) to copy filtered resources, i.e. build is platform dependent!
2016-03-19 01:05:15,600 [Worker-24] INFO  o.e.m.c.i.l.LifecycleMappingFactory - Using org.maven.ide.eclipse.wtp.WarLifecycleMapping lifecycle mapping for MavenProject: RESTExampleUMKC:RESTExampleUMKC:0.0.1-SNAPSHOT @ C:\Users\sushm\Lab6\RESTExampleUMKC\pom.xml.
2016-03-19 01:05:16,327 [Worker-24] WARN  o.e.m.c.i.embedder.EclipseLogger - Using platform encoding (Cp1252 actually) to copy filtered resources, i.e. build is platform dependent!
2016-03-19 01:05:16,331 [Worker-24] INFO  o.e.m.c.i.embedder.EclipseLogger - skip non existing resourceDirectory C:\Users\sushm\Lab6\RESTExampleUMKC\src\main\resources
2016-03-19 01:05:16,332 [Worker-24] WARN  o.e.m.c.i.embedder.EclipseLogger - Using platform encoding (Cp1252 actually) to copy filtered resources, i.e. build is platform dependent!
2016-03-19 01:05:16,336 [Worker-24] INFO  o.e.m.c.i.embedder.EclipseLogger - skip non existing resourceDirectory C:\Users\sushm\Lab6\RESTExampleUMKC\src\test\resources
2016-03-19 01:05:16,337 [Worker-24] INFO  o.e.m.w.i.f.ResourceFilteringBuildParticipant - Changed resources require a complete clean of filtered resources of RESTExampleUMKC
2016-03-19 01:05:16,339 [Worker-24] INFO  o.e.m.w.i.f.ResourceFilteringBuildParticipant - Executing resource filtering for RESTExampleUMKC
2016-03-19 01:05:16,343 [Worker-24] WARN  o.e.m.c.i.embedder.EclipseLogger - Using platform encoding (Cp1252 actually) to copy filtered resources, i.e. build is platform dependent!
2016-03-19 01:15:46,957 [Worker-40] WARN  o.e.m.c.i.embedder.EclipseLogger - Using platform encoding (Cp1252 actually) to copy filtered resources, i.e. build is platform dependent!
2016-03-19 01:15:46,960 [Worker-40] INFO  o.e.m.c.i.embedder.EclipseLogger - skip non existing resourceDirectory C:\Users\sushm\Lab6\RESTExampleUMKC\src\main\resources
2016-03-19 01:15:46,965 [Worker-40] WARN  o.e.m.c.i.embedder.EclipseLogger - Using platform encoding (Cp1252 actually) to copy filtered resources, i.e. build is platform dependent!
2016-03-19 01:15:46,969 [Worker-40] INFO  o.e.m.c.i.embedder.EclipseLogger - skip non existing resourceDirectory C:\Users\sushm\Lab6\RESTExampleUMKC\src\test\resources
2016-03-19 01:16:23,051 [Worker-45] INFO  o.e.m.c.i.l.LifecycleMappingFactory - Using org.maven.ide.eclipse.wtp.WarLifecycleMapping lifecycle mapping for MavenProject: RESTExampleUMKC:RESTExampleUMKC:0.0.1-SNAPSHOT @ C:\Users\sushm\Lab6\RESTExampleUMKC\pom.xml.
2016-03-19 01:16:24,163 [Worker-35] WARN  o.e.m.c.i.embedder.EclipseLogger - Using platform encoding (Cp1252 actually) to copy filtered resources, i.e. build is platform dependent!
2016-03-19 01:16:24,170 [Worker-35] INFO  o.e.m.c.i.embedder.EclipseLogger - skip non existing resourceDirectory C:\Users\sushm\Lab6\RESTExampleUMKC\src\main\resources
2016-03-19 01:16:24,175 [Worker-35] WARN  o.e.m.c.i.embedder.EclipseLogger - Using platform encoding (Cp1252 actually) to copy filtered resources, i.e. build is platform dependent!
2016-03-19 01:16:24,181 [Worker-35] INFO  o.e.m.c.i.embedder.EclipseLogger - skip non existing resourceDirectory C:\Users\sushm\Lab6\RESTExampleUMKC\src\test\resources
2016-03-19 01:16:50,244 [Worker-44] WARN  o.e.m.c.i.embedder.EclipseLogger - Using platform encoding (Cp1252 actually) to copy filtered resources, i.e. build is platform dependent!
2016-03-19 01:16:50,251 [Worker-44] INFO  o.e.m.c.i.embedder.EclipseLogger - skip non existing resourceDirectory C:\Users\sushm\Lab6\RESTExampleUMKC\src\main\resources
2016-03-19 01:16:50,255 [Worker-44] WARN  o.e.m.c.i.embedder.EclipseLogger - Using platform encoding (Cp1252 actually) to copy filtered resources, i.e. build is platform dependent!
2016-03-19 01:16:50,262 [Worker-44] INFO  o.e.m.c.i.embedder.EclipseLogger - skip non existing resourceDirectory C:\Users\sushm\Lab6\RESTExampleUMKC\src\test\resources
2016-03-19 01:19:36,317 [Worker-48] INFO  o.e.m.c.i.l.LifecycleMappingFactory - Using org.maven.ide.eclipse.wtp.WarLifecycleMapping lifecycle mapping for MavenProject: RESTExampleUMKC:RESTExampleUMKC:0.0.1-SNAPSHOT @ C:\Users\sushm\Lab6\RESTExampleUMKC\pom.xml.
2016-03-19 01:19:37,041 [Worker-48] WARN  o.e.m.c.i.embedder.EclipseLogger - Using platform encoding (Cp1252 actually) to copy filtered resources, i.e. build is platform dependent!
2016-03-19 01:19:37,048 [Worker-48] INFO  o.e.m.c.i.embedder.EclipseLogger - skip non existing resourceDirectory C:\Users\sushm\Lab6\RESTExampleUMKC\src\main\resources
2016-03-19 01:19:37,052 [Worker-48] WARN  o.e.m.c.i.embedder.EclipseLogger - Using platform encoding (Cp1252 actually) to copy filtered resources, i.e. build is platform dependent!
2016-03-19 01:19:37,056 [Worker-48] INFO  o.e.m.c.i.embedder.EclipseLogger - skip non existing resourceDirectory C:\Users\sushm\Lab6\RESTExampleUMKC\src\test\resources
2016-03-19 01:19:37,059 [Worker-48] INFO  o.e.m.w.i.f.ResourceFilteringBuildParticipant - Changed resources require a complete clean of filtered resources of RESTExampleUMKC
2016-03-19 01:19:37,059 [Worker-48] INFO  o.e.m.w.i.f.ResourceFilteringBuildParticipant - Executing resource filtering for RESTExampleUMKC
2016-03-19 01:19:37,062 [Worker-48] WARN  o.e.m.c.i.embedder.EclipseLogger - Using platform encoding (Cp1252 actually) to copy filtered resources, i.e. build is platform dependent!
2016-03-19 01:31:26,597 [Worker-58] INFO  o.e.m.c.i.l.LifecycleMappingFactory - Using org.maven.ide.eclipse.wtp.WarLifecycleMapping lifecycle mapping for MavenProject: RESTExampleUMKC:RESTExampleUMKC:0.0.1-SNAPSHOT @ C:\Users\sushm\Lab6\RESTExampleUMKC\pom.xml.
2016-03-19 01:31:26,636 [Worker-57] INFO  o.e.m.c.i.e.AbstractTransferListenerAdapter - Downloaded https://repo.maven.apache.org/maven2/javax-ws-rs/jsr311-api/1.1.1/jsr311-api-1.1.1.pom
2016-03-19 01:31:26,669 [Worker-57] WARN  o.e.m.c.i.embedder.EclipseLogger - The POM for javax-ws-rs:jsr311-api:jar:1.1.1 is missing, no dependency information available
2016-03-19 01:31:26,670 [Worker-58] WARN  o.e.m.c.i.embedder.EclipseLogger - The POM for javax-ws-rs:jsr311-api:jar:1.1.1 is missing, no dependency information available
2016-03-19 01:31:26,847 [Worker-57] INFO  o.e.m.c.i.e.AbstractTransferListenerAdapter - Downloaded https://repo.maven.apache.org/maven2/org-json/json/20140107/json-20140107.pom
2016-03-19 01:31:26,854 [Worker-57] WARN  o.e.m.c.i.embedder.EclipseLogger - The POM for org-json:json:jar:20140107 is missing, no dependency information available
2016-03-19 01:31:26,855 [Worker-58] WARN  o.e.m.c.i.embedder.EclipseLogger - The POM for org-json:json:jar:20140107 is missing, no dependency information available
2016-03-19 01:31:27,030 [Worker-57] INFO  o.e.m.c.i.e.AbstractTransferListenerAdapter - Downloaded https://repo.maven.apache.org/maven2/com-sun-jersey/jersey-server/1.19/jersey-server-1.19.pom
2016-03-19 01:31:27,033 [Worker-57] WARN  o.e.m.c.i.embedder.EclipseLogger - The POM for com-sun-jersey:jersey-server:jar:1.19 is missing, no dependency information available
2016-03-19 01:31:27,036 [Worker-58] WARN  o.e.m.c.i.embedder.EclipseLogger - The POM for com-sun-jersey:jersey-server:jar:1.19 is missing, no dependency information available
2016-03-19 01:31:27,307 [Worker-57] INFO  o.e.m.c.i.e.AbstractTransferListenerAdapter - Downloaded https://repo.maven.apache.org/maven2/com-sun-jersey/jersey-core/1.19/jersey-core-1.19.pom
2016-03-19 01:31:27,311 [Worker-57] WARN  o.e.m.c.i.embedder.EclipseLogger - The POM for com-sun-jersey:jersey-core:jar:1.19 is missing, no dependency information available
2016-03-19 01:31:27,313 [Worker-58] WARN  o.e.m.c.i.embedder.EclipseLogger - The POM for com-sun-jersey:jersey-core:jar:1.19 is missing, no dependency information available
2016-03-19 01:31:27,478 [Worker-57] INFO  o.e.m.c.i.e.AbstractTransferListenerAdapter - Downloaded https://repo.maven.apache.org/maven2/javax-ws-rs/jsr311-api/1.1.1/jsr311-api-1.1.1.jar
2016-03-19 01:31:27,660 [Worker-57] INFO  o.e.m.c.i.e.AbstractTransferListenerAdapter - Downloaded https://repo.maven.apache.org/maven2/org-json/json/20140107/json-20140107.jar
2016-03-19 01:31:27,835 [Worker-57] INFO  o.e.m.c.i.e.AbstractTransferListenerAdapter - Downloaded https://repo.maven.apache.org/maven2/com-sun-jersey/jersey-server/1.19/jersey-server-1.19.jar
2016-03-19 01:31:28,003 [Worker-57] INFO  o.e.m.c.i.e.AbstractTransferListenerAdapter - Downloaded https://repo.maven.apache.org/maven2/com-sun-jersey/jersey-core/1.19/jersey-core-1.19.jar
2016-03-19 01:31:28,066 [Worker-58] WARN  o.e.m.c.i.embedder.EclipseLogger - The POM for javax-ws-rs:jsr311-api:jar:1.1.1 is missing, no dependency information available
2016-03-19 01:31:28,073 [Worker-58] WARN  o.e.m.c.i.embedder.EclipseLogger - The POM for org-json:json:jar:20140107 is missing, no dependency information available
2016-03-19 01:31:28,078 [Worker-58] WARN  o.e.m.c.i.embedder.EclipseLogger - The POM for com-sun-jersey:jersey-server:jar:1.19 is missing, no dependency information available
2016-03-19 01:31:28,084 [Worker-58] WARN  o.e.m.c.i.embedder.EclipseLogger - The POM for com-sun-jersey:jersey-core:jar:1.19 is missing, no dependency information available
2016-03-19 01:31:28,882 [Worker-58] WARN  o.e.m.c.i.embedder.EclipseLogger - Using platform encoding (Cp1252 actually) to copy filtered resources, i.e. build is platform dependent!
2016-03-19 01:31:28,885 [Worker-58] INFO  o.e.m.c.i.embedder.EclipseLogger - skip non existing resourceDirectory C:\Users\sushm\Lab6\RESTExampleUMKC\src\main\resources
2016-03-19 01:31:28,887 [Worker-58] WARN  o.e.m.c.i.embedder.EclipseLogger - Using platform encoding (Cp1252 actually) to copy filtered resources, i.e. build is platform dependent!
2016-03-19 01:31:28,892 [Worker-58] INFO  o.e.m.c.i.embedder.EclipseLogger - skip non existing resourceDirectory C:\Users\sushm\Lab6\RESTExampleUMKC\src\test\resources
2016-03-19 01:31:28,897 [Worker-58] INFO  o.e.m.w.i.f.ResourceFilteringBuildParticipant - Changed resources require a complete clean of filtered resources of RESTExampleUMKC
2016-03-19 01:31:28,897 [Worker-58] INFO  o.e.m.w.i.f.ResourceFilteringBuildParticipant - Executing resource filtering for RESTExampleUMKC
2016-03-19 01:31:28,904 [Worker-58] WARN  o.e.m.c.i.embedder.EclipseLogger - Using platform encoding (Cp1252 actually) to copy filtered resources, i.e. build is platform dependent!
2016-03-19 01:32:43,178 [Worker-60] WARN  o.e.m.c.i.embedder.EclipseLogger - The POM for javax-ws-rs:jsr311-api:jar:1.1.1 is missing, no dependency information available
2016-03-19 01:32:43,185 [Worker-60] WARN  o.e.m.c.i.embedder.EclipseLogger - The POM for org-json:json:jar:20140107 is missing, no dependency information available
2016-03-19 01:32:43,192 [Worker-60] WARN  o.e.m.c.i.embedder.EclipseLogger - The POM for com-sun-jersey:jersey-server:jar:1.19 is missing, no dependency information available
2016-03-19 01:32:43,199 [Worker-60] WARN  o.e.m.c.i.embedder.EclipseLogger - The POM for com-sun-jersey:jersey-core:jar:1.19 is missing, no dependency information available
2016-03-19 01:32:43,380 [Worker-60] WARN  o.e.m.c.i.embedder.EclipseLogger - Using platform encoding (Cp1252 actually) to copy filtered resources, i.e. build is platform dependent!
2016-03-19 01:32:43,386 [Worker-60] INFO  o.e.m.c.i.embedder.EclipseLogger - skip non existing resourceDirectory C:\Users\sushm\Lab6\RESTExampleUMKC\src\main\resources
2016-03-19 01:32:43,388 [Worker-60] WARN  o.e.m.c.i.embedder.EclipseLogger - Using platform encoding (Cp1252 actually) to copy filtered resources, i.e. build is platform dependent!
2016-03-19 01:32:43,391 [Worker-60] INFO  o.e.m.c.i.embedder.EclipseLogger - skip non existing resourceDirectory C:\Users\sushm\Lab6\RESTExampleUMKC\src\test\resources
2016-03-19 01:36:31,572 [Worker-60] INFO  o.e.m.c.i.l.LifecycleMappingFactory - Using org.maven.ide.eclipse.wtp.WarLifecycleMapping lifecycle mapping for MavenProject: RESTExampleUMKC:RESTExampleUMKC:0.0.1-SNAPSHOT @ C:\Users\sushm\Lab6\RESTExampleUMKC\pom.xml.
2016-03-19 01:36:31,588 [Worker-60] WARN  o.e.m.c.i.embedder.EclipseLogger - The POM for javax-ws-rs:jsr311-api:jar:1.1.1 is missing, no dependency information available
2016-03-19 01:36:31,596 [Worker-60] WARN  o.e.m.c.i.embedder.EclipseLogger - The POM for org-json:json:jar:20140107 is missing, no dependency information available
2016-03-19 01:36:31,602 [Worker-60] WARN  o.e.m.c.i.embedder.EclipseLogger - The POM for com-sun-jersey:jersey-server:jar:1.19 is missing, no dependency information available
2016-03-19 01:36:31,606 [Worker-60] WARN  o.e.m.c.i.embedder.EclipseLogger - The POM for com-sun-jersey:jersey-core:jar:1.19 is missing, no dependency information available
2016-03-19 01:36:31,640 [Worker-60] WARN  o.e.m.c.i.embedder.EclipseLogger - The POM for javax-ws-rs:jsr311-api:jar:1.1.1 is missing, no dependency information available
2016-03-19 01:36:31,644 [Worker-60] WARN  o.e.m.c.i.embedder.EclipseLogger - The POM for org-json:json:jar:20140107 is missing, no dependency information available
2016-03-19 01:36:31,648 [Worker-60] WARN  o.e.m.c.i.embedder.EclipseLogger - The POM for com-sun-jersey:jersey-server:jar:1.19 is missing, no dependency information available
2016-03-19 01:36:31,652 [Worker-60] WARN  o.e.m.c.i.embedder.EclipseLogger - The POM for com-sun-jersey:jersey-core:jar:1.19 is missing, no dependency information available
2016-03-19 01:36:32,304 [Worker-60] WARN  o.e.m.c.i.embedder.EclipseLogger - Using platform encoding (Cp1252 actually) to copy filtered resources, i.e. build is platform dependent!
2016-03-19 01:36:32,307 [Worker-60] INFO  o.e.m.c.i.embedder.EclipseLogger - skip non existing resourceDirectory C:\Users\sushm\Lab6\RESTExampleUMKC\src\main\resources
2016-03-19 01:36:32,309 [Worker-60] WARN  o.e.m.c.i.embedder.EclipseLogger - Using platform encoding (Cp1252 actually) to copy filtered resources, i.e. build is platform dependent!
2016-03-19 01:36:32,313 [Worker-60] INFO  o.e.m.c.i.embedder.EclipseLogger - skip non existing resourceDirectory C:\Users\sushm\Lab6\RESTExampleUMKC\src\test\resources
2016-03-19 01:36:34,195 [Worker-52] INFO  o.e.m.c.i.p.ProjectConfigurationManager - Update started
2016-03-19 01:36:34,617 [Worker-52] INFO  o.e.m.c.i.l.LifecycleMappingFactory - Using org.maven.ide.eclipse.wtp.WarLifecycleMapping lifecycle mapping for MavenProject: RESTExampleUMKC:RESTExampleUMKC:0.0.1-SNAPSHOT @ C:\Users\sushm\Lab6\RESTExampleUMKC\pom.xml.
2016-03-19 01:36:34,632 [Worker-52] WARN  o.e.m.c.i.embedder.EclipseLogger - The POM for javax-ws-rs:jsr311-api:jar:1.1.1 is missing, no dependency information available
2016-03-19 01:36:34,637 [Worker-52] WARN  o.e.m.c.i.embedder.EclipseLogger - The POM for org-json:json:jar:20140107 is missing, no dependency information available
2016-03-19 01:36:34,641 [Worker-52] WARN  o.e.m.c.i.embedder.EclipseLogger - The POM for com-sun-jersey:jersey-server:jar:1.19 is missing, no dependency information available
2016-03-19 01:36:34,646 [Worker-52] WARN  o.e.m.c.i.embedder.EclipseLogger - The POM for com-sun-jersey:jersey-core:jar:1.19 is missing, no dependency information available
2016-03-19 01:36:34,684 [Worker-52] WARN  o.e.m.c.i.embedder.EclipseLogger - The POM for javax-ws-rs:jsr311-api:jar:1.1.1 is missing, no dependency information available
2016-03-19 01:36:34,689 [Worker-52] WARN  o.e.m.c.i.embedder.EclipseLogger - The POM for org-json:json:jar:20140107 is missing, no dependency information available
2016-03-19 01:36:34,696 [Worker-52] WARN  o.e.m.c.i.embedder.EclipseLogger - The POM for com-sun-jersey:jersey-server:jar:1.19 is missing, no dependency information available
2016-03-19 01:36:34,702 [Worker-52] WARN  o.e.m.c.i.embedder.EclipseLogger - The POM for com-sun-jersey:jersey-core:jar:1.19 is missing, no dependency information available
2016-03-19 01:36:35,585 [Worker-52] INFO  o.e.m.j.i.AbstractJavaProjectConfigurator - Adding source folder /RESTExampleUMKC/src
2016-03-19 01:36:35,586 [Worker-52] INFO  o.e.m.j.i.AbstractJavaProjectConfigurator - Not adding source folder /RESTExampleUMKC/src/test/java because it overlaps with /RESTExampleUMKC/src
2016-03-19 01:36:35,713 [Worker-52] WARN  o.e.m.c.i.embedder.EclipseLogger - The POM for javax-ws-rs:jsr311-api:jar:1.1.1 is missing, no dependency information available
2016-03-19 01:36:35,721 [Worker-52] WARN  o.e.m.c.i.embedder.EclipseLogger - The POM for org-json:json:jar:20140107 is missing, no dependency information available
2016-03-19 01:36:35,728 [Worker-52] WARN  o.e.m.c.i.embedder.EclipseLogger - The POM for com-sun-jersey:jersey-server:jar:1.19 is missing, no dependency information available
2016-03-19 01:36:35,732 [Worker-52] WARN  o.e.m.c.i.embedder.EclipseLogger - The POM for com-sun-jersey:jersey-core:jar:1.19 is missing, no dependency information available
2016-03-19 01:36:35,941 [Worker-52] INFO  o.e.m.w.i.f.ResourceFilteringBuildParticipant - Cleaning filtered folder for RESTExampleUMKC
2016-03-19 01:36:35,946 [Worker-52] INFO  o.e.m.c.i.p.ProjectConfigurationManager - Update completed: 1 sec
2016-03-19 01:36:36,076 [Worker-59] WARN  o.e.m.c.i.embedder.EclipseLogger - The POM for javax-ws-rs:jsr311-api:jar:1.1.1 is missing, no dependency information available
2016-03-19 01:36:36,082 [Worker-59] WARN  o.e.m.c.i.embedder.EclipseLogger - The POM for org-json:json:jar:20140107 is missing, no dependency information available
2016-03-19 01:36:36,092 [Worker-59] WARN  o.e.m.c.i.embedder.EclipseLogger - The POM for com-sun-jersey:jersey-server:jar:1.19 is missing, no dependency information available
2016-03-19 01:36:36,099 [Worker-59] WARN  o.e.m.c.i.embedder.EclipseLogger - The POM for com-sun-jersey:jersey-core:jar:1.19 is missing, no dependency information available
2016-03-19 01:36:36,358 [Worker-59] WARN  o.e.m.c.i.embedder.EclipseLogger - Using platform encoding (Cp1252 actually) to copy filtered resources, i.e. build is platform dependent!
2016-03-19 01:36:36,361 [Worker-59] INFO  o.e.m.c.i.embedder.EclipseLogger - skip non existing resourceDirectory C:\Users\sushm\Lab6\RESTExampleUMKC\src\main\resources
2016-03-19 01:36:36,364 [Worker-59] WARN  o.e.m.c.i.embedder.EclipseLogger - Using platform encoding (Cp1252 actually) to copy filtered resources, i.e. build is platform dependent!
2016-03-19 01:36:36,368 [Worker-59] INFO  o.e.m.c.i.embedder.EclipseLogger - skip non existing resourceDirectory C:\Users\sushm\Lab6\RESTExampleUMKC\src\test\resources
2016-03-19 01:36:36,368 [Worker-59] INFO  o.e.m.w.i.f.ResourceFilteringBuildParticipant - Changed resources require a complete clean of filtered resources of RESTExampleUMKC
2016-03-19 01:36:36,368 [Worker-59] INFO  o.e.m.w.i.f.ResourceFilteringBuildParticipant - Executing resource filtering for RESTExampleUMKC
2016-03-19 01:36:36,374 [Worker-59] WARN  o.e.m.c.i.embedder.EclipseLogger - Using platform encoding (Cp1252 actually) to copy filtered resources, i.e. build is platform dependent!
2016-03-19 01:38:23,946 [Worker-59] INFO  o.e.m.c.i.l.LifecycleMappingFactory - Using org.maven.ide.eclipse.wtp.WarLifecycleMapping lifecycle mapping for MavenProject: RESTExample:RESTExample:0.0.1-SNAPSHOT @ C:\ASE\RESTExample\pom.xml.
2016-03-19 01:38:24,041 [Worker-59] WARN  o.e.m.c.i.embedder.EclipseLogger - Using platform encoding (Cp1252 actually) to copy filtered resources, i.e. build is platform dependent!
2016-03-19 01:38:24,046 [Worker-59] INFO  o.e.m.c.i.embedder.EclipseLogger - skip non existing resourceDirectory C:\ASE\RESTExample\src\main\resources
2016-03-19 01:38:24,051 [Worker-59] WARN  o.e.m.c.i.embedder.EclipseLogger - Using platform encoding (Cp1252 actually) to copy filtered resources, i.e. build is platform dependent!
2016-03-19 01:38:24,055 [Worker-59] INFO  o.e.m.c.i.embedder.EclipseLogger - skip non existing resourceDirectory C:\ASE\RESTExample\src\test\resources
2016-03-19 01:38:24,059 [Worker-59] INFO  o.e.m.w.i.f.ResourceFilteringBuildParticipant - Changed resources require a complete clean of filtered resources of RESTExample
2016-03-19 01:38:24,059 [Worker-59] INFO  o.e.m.w.i.f.ResourceFilteringBuildParticipant - Executing resource filtering for RESTExample
2016-03-19 01:38:24,065 [Worker-59] WARN  o.e.m.c.i.embedder.EclipseLogger - Using platform encoding (Cp1252 actually) to copy filtered resources, i.e. build is platform dependent!
2016-03-19 01:41:12,739 [Worker-60] WARN  o.e.m.c.i.embedder.EclipseLogger - The POM for javax-ws-rs:jsr311-api:jar:1.1.1 is missing, no dependency information available
2016-03-19 01:41:12,746 [Worker-60] WARN  o.e.m.c.i.embedder.EclipseLogger - The POM for org-json:json:jar:20140107 is missing, no dependency information available
2016-03-19 01:41:12,753 [Worker-60] WARN  o.e.m.c.i.embedder.EclipseLogger - The POM for com-sun-jersey:jersey-server:jar:1.19 is missing, no dependency information available
2016-03-19 01:41:12,763 [Worker-60] WARN  o.e.m.c.i.embedder.EclipseLogger - The POM for com-sun-jersey:jersey-core:jar:1.19 is missing, no dependency information available
2016-03-19 01:42:17,605 [Worker-66] WARN  o.e.m.c.i.embedder.EclipseLogger - Using platform encoding (Cp1252 actually) to copy filtered resources, i.e. build is platform dependent!
2016-03-19 01:42:17,611 [Worker-66] INFO  o.e.m.c.i.embedder.EclipseLogger - skip non existing resourceDirectory C:\Users\sushm\Lab6\RESTExampleUMKC\src\main\resources
2016-03-19 01:42:17,615 [Worker-66] WARN  o.e.m.c.i.embedder.EclipseLogger - Using platform encoding (Cp1252 actually) to copy filtered resources, i.e. build is platform dependent!
2016-03-19 01:42:17,621 [Worker-66] INFO  o.e.m.c.i.embedder.EclipseLogger - skip non existing resourceDirectory C:\Users\sushm\Lab6\RESTExampleUMKC\src\test\resources
2016-03-19 01:45:44,972 [Worker-67] INFO  o.e.m.c.i.l.LifecycleMappingFactory - Using org.maven.ide.eclipse.wtp.WarLifecycleMapping lifecycle mapping for MavenProject: RESTExampleUMKC:RESTExampleUMKC:0.0.1-SNAPSHOT @ C:\Users\sushm\Lab6\RESTExampleUMKC\pom.xml.
2016-03-19 01:45:45,009 [Worker-67] WARN  o.e.m.c.i.embedder.EclipseLogger - Using platform encoding (Cp1252 actually) to copy filtered resources, i.e. build is platform dependent!
2016-03-19 01:45:45,013 [Worker-67] INFO  o.e.m.c.i.embedder.EclipseLogger - skip non existing resourceDirectory C:\Users\sushm\Lab6\RESTExampleUMKC\src\main\resources
2016-03-19 01:45:45,017 [Worker-67] WARN  o.e.m.c.i.embedder.EclipseLogger - Using platform encoding (Cp1252 actually) to copy filtered resources, i.e. build is platform dependent!
2016-03-19 01:45:45,025 [Worker-67] INFO  o.e.m.c.i.embedder.EclipseLogger - skip non existing resourceDirectory C:\Users\sushm\Lab6\RESTExampleUMKC\src\test\resources
2016-03-19 01:45:45,029 [Worker-67] INFO  o.e.m.w.i.f.ResourceFilteringBuildParticipant - Changed resources require a complete clean of filtered resources of RESTExampleUMKC
2016-03-19 01:45:45,029 [Worker-67] INFO  o.e.m.w.i.f.ResourceFilteringBuildParticipant - Executing resource filtering for RESTExampleUMKC
2016-03-19 01:45:45,037 [Worker-67] WARN  o.e.m.c.i.embedder.EclipseLogger - Using platform encoding (Cp1252 actually) to copy filtered resources, i.e. build is platform dependent!
2016-03-19 01:47:39,049 [Worker-64] INFO  o.e.m.c.i.l.LifecycleMappingFactory - Using org.maven.ide.eclipse.wtp.WarLifecycleMapping lifecycle mapping for MavenProject: RESTExampleUMKC:RESTExampleUMKC:0.0.1-SNAPSHOT @ C:\Users\sushm\Lab6\RESTExampleUMKC\pom.xml.
2016-03-19 01:47:39,051 [Worker-64] WARN  o.e.m.c.i.embedder.EclipseLogger - The POM for javax-ws-rs:jsr311-api:jar:1.1.1 is missing, no dependency information available
2016-03-19 01:47:39,066 [Worker-64] WARN  o.e.m.c.i.embedder.EclipseLogger - The POM for javax-ws-rs:jsr311-api:jar:1.1.1 is missing, no dependency information available
2016-03-19 01:47:39,104 [Worker-64] WARN  o.e.m.c.i.embedder.EclipseLogger - Using platform encoding (Cp1252 actually) to copy filtered resources, i.e. build is platform dependent!
2016-03-19 01:47:39,107 [Worker-64] INFO  o.e.m.c.i.embedder.EclipseLogger - skip non existing resourceDirectory C:\Users\sushm\Lab6\RESTExampleUMKC\src\main\resources
2016-03-19 01:47:39,111 [Worker-64] WARN  o.e.m.c.i.embedder.EclipseLogger - Using platform encoding (Cp1252 actually) to copy filtered resources, i.e. build is platform dependent!
2016-03-19 01:47:39,115 [Worker-64] INFO  o.e.m.c.i.embedder.EclipseLogger - skip non existing resourceDirectory C:\Users\sushm\Lab6\RESTExampleUMKC\src\test\resources
2016-03-19 01:47:39,118 [Worker-64] INFO  o.e.m.w.i.f.ResourceFilteringBuildParticipant - Changed resources require a complete clean of filtered resources of RESTExampleUMKC
2016-03-19 01:47:39,118 [Worker-64] INFO  o.e.m.w.i.f.ResourceFilteringBuildParticipant - Executing resource filtering for RESTExampleUMKC
2016-03-19 01:47:39,121 [Worker-64] WARN  o.e.m.c.i.embedder.EclipseLogger - Using platform encoding (Cp1252 actually) to copy filtered resources, i.e. build is platform dependent!
2016-03-19 01:47:39,127 [Worker-60] WARN  o.e.m.c.i.embedder.EclipseLogger - The POM for javax-ws-rs:jsr311-api:jar:1.1.1 is missing, no dependency information available
2016-03-19 01:47:39,144 [Worker-60] WARN  o.e.m.c.i.embedder.EclipseLogger - The POM for javax-ws-rs:jsr311-api:jar:1.1.1 is missing, no dependency information available
2016-03-19 01:51:38,965 [Worker-68] WARN  o.e.m.c.i.embedder.EclipseLogger - Using platform encoding (Cp1252 actually) to copy filtered resources, i.e. build is platform dependent!
2016-03-19 01:51:38,972 [Worker-68] INFO  o.e.m.c.i.embedder.EclipseLogger - skip non existing resourceDirectory C:\Users\sushm\Lab6\RESTExampleUMKC\src\main\resources
2016-03-19 01:51:38,974 [Worker-68] WARN  o.e.m.c.i.embedder.EclipseLogger - Using platform encoding (Cp1252 actually) to copy filtered resources, i.e. build is platform dependent!
2016-03-19 01:51:38,978 [Worker-68] INFO  o.e.m.c.i.embedder.EclipseLogger - skip non existing resourceDirectory C:\Users\sushm\Lab6\RESTExampleUMKC\src\test\resources
2016-03-19 01:52:26,478 [Worker-69] WARN  o.e.m.c.i.embedder.EclipseLogger - Using platform encoding (Cp1252 actually) to copy filtered resources, i.e. build is platform dependent!
2016-03-19 01:52:26,483 [Worker-69] INFO  o.e.m.c.i.embedder.EclipseLogger - skip non existing resourceDirectory C:\Users\sushm\Lab6\RESTExampleUMKC\src\main\resources
2016-03-19 01:52:26,486 [Worker-69] WARN  o.e.m.c.i.embedder.EclipseLogger - Using platform encoding (Cp1252 actually) to copy filtered resources, i.e. build is platform dependent!
2016-03-19 01:52:26,489 [Worker-69] INFO  o.e.m.c.i.embedder.EclipseLogger - skip non existing resourceDirectory C:\Users\sushm\Lab6\RESTExampleUMKC\src\test\resources
2016-03-19 01:53:06,144 [Worker-69] INFO  o.e.m.c.i.l.LifecycleMappingFactory - Using org.maven.ide.eclipse.wtp.WarLifecycleMapping lifecycle mapping for MavenProject: RESTExampleUMKC:RESTExampleUMKC:0.0.1-SNAPSHOT @ C:\Users\sushm\Lab6\RESTExampleUMKC\pom.xml.
2016-03-19 01:53:06,147 [Worker-69] WARN  o.e.m.c.i.embedder.EclipseLogger - The POM for javax-ws-rs:jsr311-api:jar:1.1.1 is missing, no dependency information available
2016-03-19 01:53:06,168 [Worker-69] WARN  o.e.m.c.i.embedder.EclipseLogger - The POM for javax-ws-rs:jsr311-api:jar:1.1.1 is missing, no dependency information available
2016-03-19 01:53:06,213 [Worker-69] WARN  o.e.m.c.i.embedder.EclipseLogger - Using platform encoding (Cp1252 actually) to copy filtered resources, i.e. build is platform dependent!
2016-03-19 01:53:06,217 [Worker-69] INFO  o.e.m.c.i.embedder.EclipseLogger - skip non existing resourceDirectory C:\Users\sushm\Lab6\RESTExampleUMKC\src\main\resources
2016-03-19 01:53:06,218 [Worker-69] WARN  o.e.m.c.i.embedder.EclipseLogger - Using platform encoding (Cp1252 actually) to copy filtered resources, i.e. build is platform dependent!
2016-03-19 01:53:06,222 [Worker-69] INFO  o.e.m.c.i.embedder.EclipseLogger - skip non existing resourceDirectory C:\Users\sushm\Lab6\RESTExampleUMKC\src\test\resources
2016-03-19 01:53:06,226 [Worker-69] INFO  o.e.m.w.i.f.ResourceFilteringBuildParticipant - Changed resources require a complete clean of filtered resources of RESTExampleUMKC
2016-03-19 01:53:06,226 [Worker-69] INFO  o.e.m.w.i.f.ResourceFilteringBuildParticipant - Executing resource filtering for RESTExampleUMKC
2016-03-19 01:53:06,230 [Worker-69] WARN  o.e.m.c.i.embedder.EclipseLogger - Using platform encoding (Cp1252 actually) to copy filtered resources, i.e. build is platform dependent!
2016-03-19 01:53:06,262 [Worker-69] WARN  o.e.m.c.i.embedder.EclipseLogger - The POM for javax-ws-rs:jsr311-api:jar:1.1.1 is missing, no dependency information available
2016-03-19 01:53:06,280 [Worker-69] WARN  o.e.m.c.i.embedder.EclipseLogger - The POM for javax-ws-rs:jsr311-api:jar:1.1.1 is missing, no dependency information available
2016-03-19 01:54:17,422 [Worker-66] INFO  o.e.m.c.i.l.LifecycleMappingFactory - Using org.maven.ide.eclipse.wtp.WarLifecycleMapping lifecycle mapping for MavenProject: RESTExampleUMKC:RESTExampleUMKC:0.0.1-SNAPSHOT @ C:\Users\sushm\Lab6\RESTExampleUMKC\pom.xml.
2016-03-19 01:54:17,652 [Worker-66] INFO  o.e.m.c.i.e.AbstractTransferListenerAdapter - Downloaded https://repo.maven.apache.org/maven2/javax-ws-rs/jsr311-api/1.1.0/jsr311-api-1.1.0.pom
2016-03-19 01:54:17,660 [Worker-66] WARN  o.e.m.c.i.embedder.EclipseLogger - The POM for javax-ws-rs:jsr311-api:jar:1.1.0 is missing, no dependency information available
2016-03-19 01:54:17,843 [Worker-66] INFO  o.e.m.c.i.e.AbstractTransferListenerAdapter - Downloaded https://repo.maven.apache.org/maven2/javax-ws-rs/jsr311-api/1.1.0/jsr311-api-1.1.0.jar
2016-03-19 01:54:17,872 [Worker-66] WARN  o.e.m.c.i.embedder.EclipseLogger - The POM for javax-ws-rs:jsr311-api:jar:1.1.0 is missing, no dependency information available
2016-03-19 01:54:18,384 [Worker-68] WARN  o.e.m.c.i.embedder.EclipseLogger - The POM for javax-ws-rs:jsr311-api:jar:1.1.0 is missing, no dependency information available
2016-03-19 01:54:18,403 [Worker-68] WARN  o.e.m.c.i.embedder.EclipseLogger - The POM for javax-ws-rs:jsr311-api:jar:1.1.0 is missing, no dependency information available
2016-03-19 01:54:18,505 [Worker-66] WARN  o.e.m.c.i.embedder.EclipseLogger - Using platform encoding (Cp1252 actually) to copy filtered resources, i.e. build is platform dependent!
2016-03-19 01:54:18,509 [Worker-66] INFO  o.e.m.c.i.embedder.EclipseLogger - skip non existing resourceDirectory C:\Users\sushm\Lab6\RESTExampleUMKC\src\main\resources
2016-03-19 01:54:18,513 [Worker-66] WARN  o.e.m.c.i.embedder.EclipseLogger - Using platform encoding (Cp1252 actually) to copy filtered resources, i.e. build is platform dependent!
2016-03-19 01:54:18,516 [Worker-66] INFO  o.e.m.c.i.embedder.EclipseLogger - skip non existing resourceDirectory C:\Users\sushm\Lab6\RESTExampleUMKC\src\test\resources
2016-03-19 01:54:18,519 [Worker-66] INFO  o.e.m.w.i.f.ResourceFilteringBuildParticipant - Changed resources require a complete clean of filtered resources of RESTExampleUMKC
2016-03-19 01:54:18,519 [Worker-66] INFO  o.e.m.w.i.f.ResourceFilteringBuildParticipant - Executing resource filtering for RESTExampleUMKC
2016-03-19 01:54:18,521 [Worker-66] WARN  o.e.m.c.i.embedder.EclipseLogger - Using platform encoding (Cp1252 actually) to copy filtered resources, i.e. build is platform dependent!
2016-03-19 01:54:30,638 [Worker-70] INFO  o.e.m.c.i.l.LifecycleMappingFactory - Using org.maven.ide.eclipse.wtp.WarLifecycleMapping lifecycle mapping for MavenProject: RESTExampleUMKC:RESTExampleUMKC:0.0.1-SNAPSHOT @ C:\Users\sushm\Lab6\RESTExampleUMKC\pom.xml.
2016-03-19 01:54:30,644 [Worker-70] WARN  o.e.m.c.i.embedder.EclipseLogger - The POM for javax-ws-rs:jsr311-api:jar:1.1.1 is missing, no dependency information available
2016-03-19 01:54:30,667 [Worker-70] WARN  o.e.m.c.i.embedder.EclipseLogger - The POM for javax-ws-rs:jsr311-api:jar:1.1.1 is missing, no dependency information available
2016-03-19 01:54:31,318 [Worker-69] WARN  o.e.m.c.i.embedder.EclipseLogger - The POM for javax-ws-rs:jsr311-api:jar:1.1.1 is missing, no dependency information available
2016-03-19 01:54:31,336 [Worker-69] WARN  o.e.m.c.i.embedder.EclipseLogger - The POM for javax-ws-rs:jsr311-api:jar:1.1.1 is missing, no dependency information available
2016-03-19 01:54:31,464 [Worker-70] WARN  o.e.m.c.i.embedder.EclipseLogger - Using platform encoding (Cp1252 actually) to copy filtered resources, i.e. build is platform dependent!
2016-03-19 01:54:31,467 [Worker-70] INFO  o.e.m.c.i.embedder.EclipseLogger - skip non existing resourceDirectory C:\Users\sushm\Lab6\RESTExampleUMKC\src\main\resources
2016-03-19 01:54:31,469 [Worker-70] WARN  o.e.m.c.i.embedder.EclipseLogger - Using platform encoding (Cp1252 actually) to copy filtered resources, i.e. build is platform dependent!
2016-03-19 01:54:31,473 [Worker-70] INFO  o.e.m.c.i.embedder.EclipseLogger - skip non existing resourceDirectory C:\Users\sushm\Lab6\RESTExampleUMKC\src\test\resources
2016-03-19 01:54:31,477 [Worker-70] INFO  o.e.m.w.i.f.ResourceFilteringBuildParticipant - Changed resources require a complete clean of filtered resources of RESTExampleUMKC
2016-03-19 01:54:31,477 [Worker-70] INFO  o.e.m.w.i.f.ResourceFilteringBuildParticipant - Executing resource filtering for RESTExampleUMKC
2016-03-19 01:54:31,479 [Worker-70] WARN  o.e.m.c.i.embedder.EclipseLogger - Using platform encoding (Cp1252 actually) to copy filtered resources, i.e. build is platform dependent!
2016-03-19 01:55:08,232 [Worker-67] INFO  o.e.m.c.i.l.LifecycleMappingFactory - Using org.maven.ide.eclipse.wtp.WarLifecycleMapping lifecycle mapping for MavenProject: RESTExampleUMKC:RESTExampleUMKC:0.0.1-SNAPSHOT @ C:\Users\sushm\Lab6\RESTExampleUMKC\pom.xml.
2016-03-19 01:55:08,934 [Worker-67] WARN  o.e.m.c.i.embedder.EclipseLogger - Using platform encoding (Cp1252 actually) to copy filtered resources, i.e. build is platform dependent!
2016-03-19 01:55:08,939 [Worker-67] INFO  o.e.m.c.i.embedder.EclipseLogger - skip non existing resourceDirectory C:\Users\sushm\Lab6\RESTExampleUMKC\src\main\resources
2016-03-19 01:55:08,944 [Worker-67] WARN  o.e.m.c.i.embedder.EclipseLogger - Using platform encoding (Cp1252 actually) to copy filtered resources, i.e. build is platform dependent!
2016-03-19 01:55:08,947 [Worker-67] INFO  o.e.m.c.i.embedder.EclipseLogger - skip non existing resourceDirectory C:\Users\sushm\Lab6\RESTExampleUMKC\src\test\resources
2016-03-19 01:55:08,950 [Worker-67] INFO  o.e.m.w.i.f.ResourceFilteringBuildParticipant - Changed resources require a complete clean of filtered resources of RESTExampleUMKC
2016-03-19 01:55:08,950 [Worker-67] INFO  o.e.m.w.i.f.ResourceFilteringBuildParticipant - Executing resource filtering for RESTExampleUMKC
2016-03-19 01:55:08,953 [Worker-67] WARN  o.e.m.c.i.embedder.EclipseLogger - Using platform encoding (Cp1252 actually) to copy filtered resources, i.e. build is platform dependent!
2016-03-19 01:55:47,174 [Worker-69] INFO  o.e.m.c.i.l.LifecycleMappingFactory - Using org.maven.ide.eclipse.wtp.WarLifecycleMapping lifecycle mapping for MavenProject: RESTExampleUMKC:RESTExampleUMKC:0.0.1-SNAPSHOT @ C:\Users\sushm\Lab6\RESTExampleUMKC\pom.xml.
2016-03-19 01:55:48,285 [Worker-69] WARN  o.e.m.c.i.embedder.EclipseLogger - Using platform encoding (Cp1252 actually) to copy filtered resources, i.e. build is platform dependent!
2016-03-19 01:55:48,292 [Worker-69] INFO  o.e.m.c.i.embedder.EclipseLogger - skip non existing resourceDirectory C:\Users\sushm\Lab6\RESTExampleUMKC\src\main\resources
2016-03-19 01:55:48,298 [Worker-69] WARN  o.e.m.c.i.embedder.EclipseLogger - Using platform encoding (Cp1252 actually) to copy filtered resources, i.e. build is platform dependent!
2016-03-19 01:55:48,304 [Worker-69] INFO  o.e.m.c.i.embedder.EclipseLogger - skip non existing resourceDirectory C:\Users\sushm\Lab6\RESTExampleUMKC\src\test\resources
2016-03-19 01:55:48,308 [Worker-69] INFO  o.e.m.w.i.f.ResourceFilteringBuildParticipant - Changed resources require a complete clean of filtered resources of RESTExampleUMKC
2016-03-19 01:55:48,308 [Worker-69] INFO  o.e.m.w.i.f.ResourceFilteringBuildParticipant - Executing resource filtering for RESTExampleUMKC
2016-03-19 01:55:48,311 [Worker-69] WARN  o.e.m.c.i.embedder.EclipseLogger - Using platform encoding (Cp1252 actually) to copy filtered resources, i.e. build is platform dependent!
2016-03-19 01:56:21,064 [Worker-66] WARN  o.e.m.c.i.embedder.EclipseLogger - Using platform encoding (Cp1252 actually) to copy filtered resources, i.e. build is platform dependent!
2016-03-19 01:56:21,071 [Worker-66] INFO  o.e.m.c.i.embedder.EclipseLogger - skip non existing resourceDirectory C:\Users\sushm\Lab6\RESTExampleUMKC\src\main\resources
2016-03-19 01:56:21,076 [Worker-66] WARN  o.e.m.c.i.embedder.EclipseLogger - Using platform encoding (Cp1252 actually) to copy filtered resources, i.e. build is platform dependent!
2016-03-19 01:56:21,082 [Worker-66] INFO  o.e.m.c.i.embedder.EclipseLogger - skip non existing resourceDirectory C:\Users\sushm\Lab6\RESTExampleUMKC\src\test\resources
2016-03-19 01:58:24,887 [Worker-70] INFO  o.e.m.c.i.l.LifecycleMappingFactory - Using org.maven.ide.eclipse.wtp.WarLifecycleMapping lifecycle mapping for MavenProject: RESTExampleUMKC:RESTExampleUMKC:0.0.1-SNAPSHOT @ C:\Users\sushm\Lab6\RESTExampleUMKC\pom.xml.
2016-03-19 01:58:25,125 [Worker-70] INFO  o.e.m.c.i.e.AbstractTransferListenerAdapter - Downloaded https://repo.maven.apache.org/maven2/com-sun-jersey/jersey-bundle/1.19/jersey-bundle-1.19.pom
2016-03-19 01:58:25,135 [Worker-70] WARN  o.e.m.c.i.embedder.EclipseLogger - The POM for com-sun-jersey:jersey-bundle:jar:1.19 is missing, no dependency information available
2016-03-19 01:58:25,306 [Worker-70] INFO  o.e.m.c.i.e.AbstractTransferListenerAdapter - Downloaded https://repo.maven.apache.org/maven2/com-sun-jersey/jersey-bundle/1.19/jersey-bundle-1.19.jar
2016-03-19 01:58:25,388 [Worker-70] WARN  o.e.m.c.i.embedder.EclipseLogger - The POM for com-sun-jersey:jersey-bundle:jar:1.19 is missing, no dependency information available
2016-03-19 01:58:26,149 [Worker-70] WARN  o.e.m.c.i.embedder.EclipseLogger - Using platform encoding (Cp1252 actually) to copy filtered resources, i.e. build is platform dependent!
2016-03-19 01:58:26,153 [Worker-70] INFO  o.e.m.c.i.embedder.EclipseLogger - skip non existing resourceDirectory C:\Users\sushm\Lab6\RESTExampleUMKC\src\main\resources
2016-03-19 01:58:26,157 [Worker-70] WARN  o.e.m.c.i.embedder.EclipseLogger - Using platform encoding (Cp1252 actually) to copy filtered resources, i.e. build is platform dependent!
2016-03-19 01:58:26,161 [Worker-70] INFO  o.e.m.c.i.embedder.EclipseLogger - skip non existing resourceDirectory C:\Users\sushm\Lab6\RESTExampleUMKC\src\test\resources
2016-03-19 01:58:26,164 [Worker-72] WARN  o.e.m.c.i.embedder.EclipseLogger - The POM for com-sun-jersey:jersey-bundle:jar:1.19 is missing, no dependency information available
2016-03-19 01:58:26,165 [Worker-70] INFO  o.e.m.w.i.f.ResourceFilteringBuildParticipant - Changed resources require a complete clean of filtered resources of RESTExampleUMKC
2016-03-19 01:58:26,165 [Worker-70] INFO  o.e.m.w.i.f.ResourceFilteringBuildParticipant - Executing resource filtering for RESTExampleUMKC
2016-03-19 01:58:26,169 [Worker-70] WARN  o.e.m.c.i.embedder.EclipseLogger - Using platform encoding (Cp1252 actually) to copy filtered resources, i.e. build is platform dependent!
2016-03-19 01:58:26,232 [Worker-72] WARN  o.e.m.c.i.embedder.EclipseLogger - The POM for com-sun-jersey:jersey-bundle:jar:1.19 is missing, no dependency information available
2016-03-19 01:58:42,327 [Worker-70] INFO  o.e.m.c.i.l.LifecycleMappingFactory - Using org.maven.ide.eclipse.wtp.WarLifecycleMapping lifecycle mapping for MavenProject: RESTExampleUMKC:RESTExampleUMKC:0.0.1-SNAPSHOT @ C:\Users\sushm\Lab6\RESTExampleUMKC\pom.xml.
2016-03-19 01:58:43,088 [Worker-70] WARN  o.e.m.c.i.embedder.EclipseLogger - Using platform encoding (Cp1252 actually) to copy filtered resources, i.e. build is platform dependent!
2016-03-19 01:58:43,092 [Worker-70] INFO  o.e.m.c.i.embedder.EclipseLogger - skip non existing resourceDirectory C:\Users\sushm\Lab6\RESTExampleUMKC\src\main\resources
2016-03-19 01:58:43,093 [Worker-70] WARN  o.e.m.c.i.embedder.EclipseLogger - Using platform encoding (Cp1252 actually) to copy filtered resources, i.e. build is platform dependent!
2016-03-19 01:58:43,096 [Worker-70] INFO  o.e.m.c.i.embedder.EclipseLogger - skip non existing resourceDirectory C:\Users\sushm\Lab6\RESTExampleUMKC\src\test\resources
2016-03-19 01:58:43,096 [Worker-70] INFO  o.e.m.w.i.f.ResourceFilteringBuildParticipant - Changed resources require a complete clean of filtered resources of RESTExampleUMKC
2016-03-19 01:58:43,096 [Worker-70] INFO  o.e.m.w.i.f.ResourceFilteringBuildParticipant - Executing resource filtering for RESTExampleUMKC
2016-03-19 01:58:43,101 [Worker-70] WARN  o.e.m.c.i.embedder.EclipseLogger - Using platform encoding (Cp1252 actually) to copy filtered resources, i.e. build is platform dependent!
2016-03-19 01:59:06,748 [Worker-70] INFO  o.e.m.c.i.l.LifecycleMappingFactory - Using org.maven.ide.eclipse.wtp.WarLifecycleMapping lifecycle mapping for MavenProject: RESTExampleUMKC:RESTExampleUMKC:0.0.1-SNAPSHOT @ C:\Users\sushm\Lab6\RESTExampleUMKC\pom.xml.
2016-03-19 01:59:07,645 [Worker-70] WARN  o.e.m.c.i.embedder.EclipseLogger - Using platform encoding (Cp1252 actually) to copy filtered resources, i.e. build is platform dependent!
2016-03-19 01:59:07,654 [Worker-70] INFO  o.e.m.c.i.embedder.EclipseLogger - skip non existing resourceDirectory C:\Users\sushm\Lab6\RESTExampleUMKC\src\main\resources
2016-03-19 01:59:07,659 [Worker-70] WARN  o.e.m.c.i.embedder.EclipseLogger - Using platform encoding (Cp1252 actually) to copy filtered resources, i.e. build is platform dependent!
2016-03-19 01:59:07,663 [Worker-70] INFO  o.e.m.c.i.embedder.EclipseLogger - skip non existing resourceDirectory C:\Users\sushm\Lab6\RESTExampleUMKC\src\test\resources
2016-03-19 01:59:08,027 [Worker-73] INFO  o.e.m.c.i.p.ProjectConfigurationManager - Update started
2016-03-19 01:59:08,416 [Worker-73] INFO  o.e.m.c.i.l.LifecycleMappingFactory - Using org.maven.ide.eclipse.wtp.WarLifecycleMapping lifecycle mapping for MavenProject: RESTExampleUMKC:RESTExampleUMKC:0.0.1-SNAPSHOT @ C:\Users\sushm\Lab6\RESTExampleUMKC\pom.xml.
2016-03-19 01:59:09,113 [Worker-73] INFO  o.e.m.j.i.AbstractJavaProjectConfigurator - Adding source folder /RESTExampleUMKC/src
2016-03-19 01:59:09,114 [Worker-73] INFO  o.e.m.j.i.AbstractJavaProjectConfigurator - Not adding source folder /RESTExampleUMKC/src/test/java because it overlaps with /RESTExampleUMKC/src
2016-03-19 01:59:09,318 [Worker-73] INFO  o.e.m.w.i.f.ResourceFilteringBuildParticipant - Cleaning filtered folder for RESTExampleUMKC
2016-03-19 01:59:09,322 [Worker-73] INFO  o.e.m.c.i.p.ProjectConfigurationManager - Update completed: 1 sec
2016-03-19 01:59:09,487 [Worker-66] WARN  o.e.m.c.i.embedder.EclipseLogger - Using platform encoding (Cp1252 actually) to copy filtered resources, i.e. build is platform dependent!
2016-03-19 01:59:09,494 [Worker-66] INFO  o.e.m.c.i.embedder.EclipseLogger - skip non existing resourceDirectory C:\Users\sushm\Lab6\RESTExampleUMKC\src\main\resources
2016-03-19 01:59:09,500 [Worker-66] WARN  o.e.m.c.i.embedder.EclipseLogger - Using platform encoding (Cp1252 actually) to copy filtered resources, i.e. build is platform dependent!
2016-03-19 01:59:09,504 [Worker-66] INFO  o.e.m.c.i.embedder.EclipseLogger - skip non existing resourceDirectory C:\Users\sushm\Lab6\RESTExampleUMKC\src\test\resources
2016-03-19 01:59:09,508 [Worker-66] INFO  o.e.m.w.i.f.ResourceFilteringBuildParticipant - Changed resources require a complete clean of filtered resources of RESTExampleUMKC
2016-03-19 01:59:09,509 [Worker-66] INFO  o.e.m.w.i.f.ResourceFilteringBuildParticipant - Executing resource filtering for RESTExampleUMKC
2016-03-19 01:59:09,512 [Worker-66] WARN  o.e.m.c.i.embedder.EclipseLogger - Using platform encoding (Cp1252 actually) to copy filtered resources, i.e. build is platform dependent!
2016-03-19 02:00:35,664 [Worker-67] INFO  o.e.m.w.i.f.ResourceFilteringBuildParticipant - Cleaning filtered folder for RESTExampleUMKC
2016-03-19 02:00:35,830 [Worker-73] WARN  o.e.m.c.i.embedder.EclipseLogger - Using platform encoding (Cp1252 actually) to copy filtered resources, i.e. build is platform dependent!
2016-03-19 02:00:35,838 [Worker-73] INFO  o.e.m.c.i.embedder.EclipseLogger - skip non existing resourceDirectory C:\Users\sushm\Lab6\RESTExampleUMKC\src\main\resources
2016-03-19 02:00:35,844 [Worker-73] WARN  o.e.m.c.i.embedder.EclipseLogger - Using platform encoding (Cp1252 actually) to copy filtered resources, i.e. build is platform dependent!
2016-03-19 02:00:35,847 [Worker-73] INFO  o.e.m.c.i.embedder.EclipseLogger - skip non existing resourceDirectory C:\Users\sushm\Lab6\RESTExampleUMKC\src\test\resources
2016-03-19 02:00:35,852 [Worker-73] INFO  o.e.m.w.i.f.ResourceFilteringBuildParticipant - Changed resources require a complete clean of filtered resources of RESTExampleUMKC
2016-03-19 02:00:35,852 [Worker-73] INFO  o.e.m.w.i.f.ResourceFilteringBuildParticipant - Executing resource filtering for RESTExampleUMKC
2016-03-19 02:00:35,855 [Worker-73] WARN  o.e.m.c.i.embedder.EclipseLogger - Using platform encoding (Cp1252 actually) to copy filtered resources, i.e. build is platform dependent!
2016-03-19 02:00:54,609 [Worker-72] INFO  o.e.m.w.i.f.ResourceFilteringBuildParticipant - Cleaning filtered folder for RESTExampleUMKC
2016-03-19 02:00:54,752 [Worker-70] WARN  o.e.m.c.i.embedder.EclipseLogger - Using platform encoding (Cp1252 actually) to copy filtered resources, i.e. build is platform dependent!
2016-03-19 02:00:54,762 [Worker-70] INFO  o.e.m.c.i.embedder.EclipseLogger - skip non existing resourceDirectory C:\Users\sushm\Lab6\RESTExampleUMKC\src\main\resources
2016-03-19 02:00:54,767 [Worker-70] WARN  o.e.m.c.i.embedder.EclipseLogger - Using platform encoding (Cp1252 actually) to copy filtered resources, i.e. build is platform dependent!
2016-03-19 02:00:54,770 [Worker-70] INFO  o.e.m.c.i.embedder.EclipseLogger - skip non existing resourceDirectory C:\Users\sushm\Lab6\RESTExampleUMKC\src\test\resources
2016-03-19 02:00:54,774 [Worker-70] INFO  o.e.m.w.i.f.ResourceFilteringBuildParticipant - Changed resources require a complete clean of filtered resources of RESTExampleUMKC
2016-03-19 02:00:54,775 [Worker-70] INFO  o.e.m.w.i.f.ResourceFilteringBuildParticipant - Executing resource filtering for RESTExampleUMKC
2016-03-19 02:00:54,778 [Worker-70] WARN  o.e.m.c.i.embedder.EclipseLogger - Using platform encoding (Cp1252 actually) to copy filtered resources, i.e. build is platform dependent!
2016-03-19 02:01:53,387 [Worker-6] WARN  o.e.m.c.i.embedder.EclipseLogger - Using platform encoding (Cp1252 actually) to copy filtered resources, i.e. build is platform dependent!
2016-03-19 02:01:53,394 [Worker-6] INFO  o.e.m.c.i.embedder.EclipseLogger - skip non existing resourceDirectory C:\ASE\RESTExample\src\main\resources
2016-03-19 02:01:53,396 [Worker-6] WARN  o.e.m.c.i.embedder.EclipseLogger - Using platform encoding (Cp1252 actually) to copy filtered resources, i.e. build is platform dependent!
2016-03-19 02:01:53,399 [Worker-6] INFO  o.e.m.c.i.embedder.EclipseLogger - skip non existing resourceDirectory C:\ASE\RESTExample\src\test\resources
2016-03-19 02:01:54,228 [Worker-6] WARN  o.e.m.c.i.embedder.EclipseLogger - Using platform encoding (Cp1252 actually) to copy filtered resources, i.e. build is platform dependent!
2016-03-19 02:01:54,232 [Worker-6] INFO  o.e.m.c.i.embedder.EclipseLogger - skip non existing resourceDirectory C:\Users\sushm\Lab6\RESTExampleUMKC\src\main\resources
2016-03-19 02:01:54,234 [Worker-6] WARN  o.e.m.c.i.embedder.EclipseLogger - Using platform encoding (Cp1252 actually) to copy filtered resources, i.e. build is platform dependent!
2016-03-19 02:01:54,240 [Worker-6] INFO  o.e.m.c.i.embedder.EclipseLogger - skip non existing resourceDirectory C:\Users\sushm\Lab6\RESTExampleUMKC\src\test\resources
2016-03-19 02:03:18,325 [Worker-13] INFO  o.e.m.w.i.f.ResourceFilteringBuildParticipant - Cleaning filtered folder for RESTExampleUMKC
2016-03-19 02:03:18,575 [Worker-8] WARN  o.e.m.c.i.embedder.EclipseLogger - Using platform encoding (Cp1252 actually) to copy filtered resources, i.e. build is platform dependent!
2016-03-19 02:03:18,579 [Worker-8] INFO  o.e.m.c.i.embedder.EclipseLogger - skip non existing resourceDirectory C:\Users\sushm\Lab6\RESTExampleUMKC\src\main\resources
2016-03-19 02:03:18,580 [Worker-8] WARN  o.e.m.c.i.embedder.EclipseLogger - Using platform encoding (Cp1252 actually) to copy filtered resources, i.e. build is platform dependent!
2016-03-19 02:03:18,584 [Worker-8] INFO  o.e.m.c.i.embedder.EclipseLogger - skip non existing resourceDirectory C:\Users\sushm\Lab6\RESTExampleUMKC\src\test\resources
2016-03-19 02:03:18,584 [Worker-8] INFO  o.e.m.w.i.f.ResourceFilteringBuildParticipant - Changed resources require a complete clean of filtered resources of RESTExampleUMKC
2016-03-19 02:03:18,585 [Worker-8] INFO  o.e.m.w.i.f.ResourceFilteringBuildParticipant - Executing resource filtering for RESTExampleUMKC
2016-03-19 02:03:18,698 [Worker-8] WARN  o.e.m.c.i.embedder.EclipseLogger - Using platform encoding (Cp1252 actually) to copy filtered resources, i.e. build is platform dependent!
2016-03-19 02:04:03,312 [Worker-10] WARN  o.e.m.c.i.embedder.EclipseLogger - Using platform encoding (Cp1252 actually) to copy filtered resources, i.e. build is platform dependent!
2016-03-19 02:04:03,316 [Worker-10] INFO  o.e.m.c.i.embedder.EclipseLogger - skip non existing resourceDirectory C:\Users\sushm\Lab6\RESTExampleUMKC\src\main\resources
2016-03-19 02:04:03,317 [Worker-10] WARN  o.e.m.c.i.embedder.EclipseLogger - Using platform encoding (Cp1252 actually) to copy filtered resources, i.e. build is platform dependent!
2016-03-19 02:04:03,321 [Worker-10] INFO  o.e.m.c.i.embedder.EclipseLogger - skip non existing resourceDirectory C:\Users\sushm\Lab6\RESTExampleUMKC\src\test\resources
2016-03-19 02:06:38,396 [Worker-3] WARN  o.e.m.c.i.embedder.EclipseLogger - Using platform encoding (Cp1252 actually) to copy filtered resources, i.e. build is platform dependent!
2016-03-19 02:06:38,405 [Worker-3] INFO  o.e.m.c.i.embedder.EclipseLogger - skip non existing resourceDirectory C:\Users\sushm\Lab6\RESTExampleUMKC\src\main\resources
2016-03-19 02:06:38,409 [Worker-3] WARN  o.e.m.c.i.embedder.EclipseLogger - Using platform encoding (Cp1252 actually) to copy filtered resources, i.e. build is platform dependent!
2016-03-19 02:06:38,412 [Worker-3] INFO  o.e.m.c.i.embedder.EclipseLogger - skip non existing resourceDirectory C:\Users\sushm\Lab6\RESTExampleUMKC\src\test\resources
2016-03-19 02:06:51,068 [Worker-6] INFO  o.e.m.w.i.f.ResourceFilteringBuildParticipant - Cleaning filtered folder for RESTExampleUMKC
2016-03-19 02:06:51,241 [Worker-15] WARN  o.e.m.c.i.embedder.EclipseLogger - Using platform encoding (Cp1252 actually) to copy filtered resources, i.e. build is platform dependent!
2016-03-19 02:06:51,246 [Worker-15] INFO  o.e.m.c.i.embedder.EclipseLogger - skip non existing resourceDirectory C:\Users\sushm\Lab6\RESTExampleUMKC\src\main\resources
2016-03-19 02:06:51,248 [Worker-15] WARN  o.e.m.c.i.embedder.EclipseLogger - Using platform encoding (Cp1252 actually) to copy filtered resources, i.e. build is platform dependent!
2016-03-19 02:06:51,258 [Worker-15] INFO  o.e.m.c.i.embedder.EclipseLogger - skip non existing resourceDirectory C:\Users\sushm\Lab6\RESTExampleUMKC\src\test\resources
2016-03-19 02:06:51,263 [Worker-15] INFO  o.e.m.w.i.f.ResourceFilteringBuildParticipant - Changed resources require a complete clean of filtered resources of RESTExampleUMKC
2016-03-19 02:06:51,268 [Worker-15] INFO  o.e.m.w.i.f.ResourceFilteringBuildParticipant - Executing resource filtering for RESTExampleUMKC
2016-03-19 02:06:51,277 [Worker-15] WARN  o.e.m.c.i.embedder.EclipseLogger - Using platform encoding (Cp1252 actually) to copy filtered resources, i.e. build is platform dependent!
2016-03-19 02:13:02,799 [Worker-11] INFO  o.e.m.w.i.f.ResourceFilteringBuildParticipant - Cleaning filtered folder for RESTExample
2016-03-19 02:13:02,811 [Worker-11] INFO  o.e.m.w.i.f.ResourceFilteringBuildParticipant - Cleaning filtered folder for RESTExampleUMKC
2016-03-19 02:13:03,043 [Worker-12] WARN  o.e.m.c.i.embedder.EclipseLogger - Using platform encoding (Cp1252 actually) to copy filtered resources, i.e. build is platform dependent!
2016-03-19 02:13:03,046 [Worker-12] INFO  o.e.m.c.i.embedder.EclipseLogger - skip non existing resourceDirectory C:\ASE\RESTExample\src\main\resources
2016-03-19 02:13:03,050 [Worker-12] WARN  o.e.m.c.i.embedder.EclipseLogger - Using platform encoding (Cp1252 actually) to copy filtered resources, i.e. build is platform dependent!
2016-03-19 02:13:03,056 [Worker-12] INFO  o.e.m.c.i.embedder.EclipseLogger - skip non existing resourceDirectory C:\ASE\RESTExample\src\test\resources
2016-03-19 02:13:03,056 [Worker-12] INFO  o.e.m.w.i.f.ResourceFilteringBuildParticipant - Changed resources require a complete clean of filtered resources of RESTExample
2016-03-19 02:13:03,056 [Worker-12] INFO  o.e.m.w.i.f.ResourceFilteringBuildParticipant - Executing resource filtering for RESTExample
2016-03-19 02:13:03,072 [Worker-12] WARN  o.e.m.c.i.embedder.EclipseLogger - Using platform encoding (Cp1252 actually) to copy filtered resources, i.e. build is platform dependent!
2016-03-19 02:13:03,169 [Worker-12] WARN  o.e.m.c.i.embedder.EclipseLogger - Using platform encoding (Cp1252 actually) to copy filtered resources, i.e. build is platform dependent!
2016-03-19 02:13:03,180 [Worker-12] INFO  o.e.m.c.i.embedder.EclipseLogger - skip non existing resourceDirectory C:\Users\sushm\Lab6\RESTExampleUMKC\src\main\resources
2016-03-19 02:13:03,182 [Worker-12] WARN  o.e.m.c.i.embedder.EclipseLogger - Using platform encoding (Cp1252 actually) to copy filtered resources, i.e. build is platform dependent!
2016-03-19 02:13:03,189 [Worker-12] INFO  o.e.m.c.i.embedder.EclipseLogger - skip non existing resourceDirectory C:\Users\sushm\Lab6\RESTExampleUMKC\src\test\resources
2016-03-19 02:13:03,189 [Worker-12] INFO  o.e.m.w.i.f.ResourceFilteringBuildParticipant - Changed resources require a complete clean of filtered resources of RESTExampleUMKC
2016-03-19 02:13:03,189 [Worker-12] INFO  o.e.m.w.i.f.ResourceFilteringBuildParticipant - Executing resource filtering for RESTExampleUMKC
2016-03-19 02:13:03,193 [Worker-12] WARN  o.e.m.c.i.embedder.EclipseLogger - Using platform encoding (Cp1252 actually) to copy filtered resources, i.e. build is platform dependent!
2016-03-19 02:14:32,054 [main] INFO  o.e.m2e.actions.ExecutePomAction - Creating new launch configuration
2016-03-19 02:14:41,522 [Worker-11] INFO  o.e.m.i.launch.MavenLaunchDelegate - C:\Users\sushm\Lab6\RESTExampleUMKC
2016-03-19 02:14:41,523 [Worker-11] INFO  o.e.m.i.launch.MavenLaunchDelegate -  mvn -Pcom-sun-jersey:jersey-bundle:jar:1.19 -B clean install
2016-03-19 02:15:30,202 [Worker-12] WARN  o.e.m.c.i.embedder.EclipseLogger - Using platform encoding (Cp1252 actually) to copy filtered resources, i.e. build is platform dependent!
2016-03-19 02:15:30,207 [Worker-12] INFO  o.e.m.c.i.embedder.EclipseLogger - skip non existing resourceDirectory C:\ASE\RESTExample\src\main\resources
2016-03-19 02:15:30,209 [Worker-12] WARN  o.e.m.c.i.embedder.EclipseLogger - Using platform encoding (Cp1252 actually) to copy filtered resources, i.e. build is platform dependent!
2016-03-19 02:15:30,215 [Worker-12] INFO  o.e.m.c.i.embedder.EclipseLogger - skip non existing resourceDirectory C:\ASE\RESTExample\src\test\resources
2016-03-19 02:15:30,224 [Worker-12] WARN  o.e.m.c.i.embedder.EclipseLogger - Using platform encoding (Cp1252 actually) to copy filtered resources, i.e. build is platform dependent!
2016-03-19 02:15:30,235 [Worker-12] INFO  o.e.m.c.i.embedder.EclipseLogger - skip non existing resourceDirectory C:\Users\sushm\Lab6\RESTExampleUMKC\src\main\resources
2016-03-19 02:15:30,237 [Worker-12] WARN  o.e.m.c.i.embedder.EclipseLogger - Using platform encoding (Cp1252 actually) to copy filtered resources, i.e. build is platform dependent!
2016-03-19 02:15:30,246 [Worker-12] INFO  o.e.m.c.i.embedder.EclipseLogger - skip non existing resourceDirectory C:\Users\sushm\Lab6\RESTExampleUMKC\src\test\resources
2016-03-19 02:15:39,825 [main] INFO  o.e.m2e.actions.ExecutePomAction - Creating new launch configuration
2016-03-19 02:15:49,436 [Worker-3] INFO  o.e.m.i.launch.MavenLaunchDelegate - C:\Users\sushm\Lab6\RESTExampleUMKC
2016-03-19 02:15:49,442 [Worker-3] INFO  o.e.m.i.launch.MavenLaunchDelegate -  mvn -Pcom-sun-jersey:jersey-bundle:jar:1.19 -B clean install
2016-03-19 02:16:22,456 [Worker-3] WARN  o.e.m.c.i.embedder.EclipseLogger - Using platform encoding (Cp1252 actually) to copy filtered resources, i.e. build is platform dependent!
2016-03-19 02:16:22,465 [Worker-3] INFO  o.e.m.c.i.embedder.EclipseLogger - skip non existing resourceDirectory C:\Users\sushm\Lab6\RESTExampleUMKC\src\main\resources
2016-03-19 02:16:22,475 [Worker-3] WARN  o.e.m.c.i.embedder.EclipseLogger - Using platform encoding (Cp1252 actually) to copy filtered resources, i.e. build is platform dependent!
2016-03-19 02:16:22,484 [Worker-3] INFO  o.e.m.c.i.embedder.EclipseLogger - skip non existing resourceDirectory C:\Users\sushm\Lab6\RESTExampleUMKC\src\test\resources
2016-03-19 02:16:25,916 [Worker-20] WARN  o.e.m.c.i.embedder.EclipseLogger - Using platform encoding (Cp1252 actually) to copy filtered resources, i.e. build is platform dependent!
2016-03-19 02:16:25,922 [Worker-20] INFO  o.e.m.c.i.embedder.EclipseLogger - skip non existing resourceDirectory C:\Users\sushm\Lab6\RESTExampleUMKC\src\main\resources
2016-03-19 02:16:25,932 [Worker-20] WARN  o.e.m.c.i.embedder.EclipseLogger - Using platform encoding (Cp1252 actually) to copy filtered resources, i.e. build is platform dependent!
2016-03-19 02:16:25,946 [Worker-20] INFO  o.e.m.c.i.embedder.EclipseLogger - skip non existing resourceDirectory C:\Users\sushm\Lab6\RESTExampleUMKC\src\test\resources
2016-03-19 02:22:19,070 [Worker-20] INFO  o.e.m.w.i.f.ResourceFilteringBuildParticipant - Cleaning filtered folder for RESTExample
2016-03-19 02:22:19,087 [Worker-20] INFO  o.e.m.w.i.f.ResourceFilteringBuildParticipant - Cleaning filtered folder for RESTExampleUMKC
2016-03-19 02:22:19,249 [Worker-21] WARN  o.e.m.c.i.embedder.EclipseLogger - Using platform encoding (Cp1252 actually) to copy filtered resources, i.e. build is platform dependent!
2016-03-19 02:22:19,262 [Worker-21] INFO  o.e.m.c.i.embedder.EclipseLogger - skip non existing resourceDirectory C:\ASE\RESTExample\src\main\resources
2016-03-19 02:22:19,271 [Worker-21] WARN  o.e.m.c.i.embedder.EclipseLogger - Using platform encoding (Cp1252 actually) to copy filtered resources, i.e. build is platform dependent!
2016-03-19 02:22:19,275 [Worker-21] INFO  o.e.m.c.i.embedder.EclipseLogger - skip non existing resourceDirectory C:\ASE\RESTExample\src\test\resources
2016-03-19 02:22:19,282 [Worker-21] INFO  o.e.m.w.i.f.ResourceFilteringBuildParticipant - Changed resources require a complete clean of filtered resources of RESTExample
2016-03-19 02:22:19,282 [Worker-21] INFO  o.e.m.w.i.f.ResourceFilteringBuildParticipant - Executing resource filtering for RESTExample
2016-03-19 02:22:19,290 [Worker-21] WARN  o.e.m.c.i.embedder.EclipseLogger - Using platform encoding (Cp1252 actually) to copy filtered resources, i.e. build is platform dependent!
2016-03-19 02:22:19,348 [Worker-21] WARN  o.e.m.c.i.embedder.EclipseLogger - Using platform encoding (Cp1252 actually) to copy filtered resources, i.e. build is platform dependent!
2016-03-19 02:22:19,360 [Worker-21] INFO  o.e.m.c.i.embedder.EclipseLogger - skip non existing resourceDirectory C:\Users\sushm\Lab6\RESTExampleUMKC\src\main\resources
2016-03-19 02:22:19,362 [Worker-21] WARN  o.e.m.c.i.embedder.EclipseLogger - Using platform encoding (Cp1252 actually) to copy filtered resources, i.e. build is platform dependent!
2016-03-19 02:22:19,368 [Worker-21] INFO  o.e.m.c.i.embedder.EclipseLogger - skip non existing resourceDirectory C:\Users\sushm\Lab6\RESTExampleUMKC\src\test\resources
2016-03-19 02:22:19,369 [Worker-21] INFO  o.e.m.w.i.f.ResourceFilteringBuildParticipant - Changed resources require a complete clean of filtered resources of RESTExampleUMKC
2016-03-19 02:22:19,369 [Worker-21] INFO  o.e.m.w.i.f.ResourceFilteringBuildParticipant - Executing resource filtering for RESTExampleUMKC
2016-03-19 02:22:19,376 [Worker-21] WARN  o.e.m.c.i.embedder.EclipseLogger - Using platform encoding (Cp1252 actually) to copy filtered resources, i.e. build is platform dependent!
2016-03-19 02:22:35,001 [Worker-22] WARN  o.e.m.c.i.embedder.EclipseLogger - Using platform encoding (Cp1252 actually) to copy filtered resources, i.e. build is platform dependent!
2016-03-19 02:22:35,005 [Worker-22] INFO  o.e.m.c.i.embedder.EclipseLogger - skip non existing resourceDirectory C:\Users\sushm\Lab6\RESTExampleUMKC\src\main\resources
2016-03-19 02:22:35,011 [Worker-22] WARN  o.e.m.c.i.embedder.EclipseLogger - Using platform encoding (Cp1252 actually) to copy filtered resources, i.e. build is platform dependent!
2016-03-19 02:22:35,015 [Worker-22] INFO  o.e.m.c.i.embedder.EclipseLogger - skip non existing resourceDirectory C:\Users\sushm\Lab6\RESTExampleUMKC\src\test\resources
2016-03-19 02:22:45,583 [main] INFO  o.e.m2e.actions.ExecutePomAction - Creating new launch configuration
2016-03-19 02:22:52,497 [Worker-3] INFO  o.e.m.i.launch.MavenLaunchDelegate - C:\Users\sushm\Lab6\RESTExampleUMKC
2016-03-19 02:22:52,502 [Worker-3] INFO  o.e.m.i.launch.MavenLaunchDelegate -  mvn -Pcom-sun-jersey:jersey-bundle:jar:1.19 -B clean install
2016-03-19 02:23:04,063 [Worker-21] WARN  o.e.m.c.i.embedder.EclipseLogger - Using platform encoding (Cp1252 actually) to copy filtered resources, i.e. build is platform dependent!
2016-03-19 02:23:04,069 [Worker-21] INFO  o.e.m.c.i.embedder.EclipseLogger - skip non existing resourceDirectory C:\Users\sushm\Lab6\RESTExampleUMKC\src\main\resources
2016-03-19 02:23:04,076 [Worker-21] WARN  o.e.m.c.i.embedder.EclipseLogger - Using platform encoding (Cp1252 actually) to copy filtered resources, i.e. build is platform dependent!
2016-03-19 02:23:04,082 [Worker-21] INFO  o.e.m.c.i.embedder.EclipseLogger - skip non existing resourceDirectory C:\Users\sushm\Lab6\RESTExampleUMKC\src\test\resources
2016-03-19 02:23:04,082 [Worker-21] INFO  o.e.m.w.i.f.ResourceFilteringBuildParticipant - Changed resources require a complete clean of filtered resources of RESTExampleUMKC
2016-03-19 02:23:04,082 [Worker-21] INFO  o.e.m.w.i.f.ResourceFilteringBuildParticipant - Executing resource filtering for RESTExampleUMKC
2016-03-19 02:23:04,085 [Worker-21] WARN  o.e.m.c.i.embedder.EclipseLogger - Using platform encoding (Cp1252 actually) to copy filtered resources, i.e. build is platform dependent!
2016-03-19 02:25:41,457 [Worker-12] INFO  o.e.m.c.i.p.ProjectConfigurationManager - Update started
2016-03-19 02:25:42,053 [Worker-12] INFO  o.e.m.c.i.l.LifecycleMappingFactory - Using org.maven.ide.eclipse.wtp.WarLifecycleMapping lifecycle mapping for MavenProject: RESTExampleUMKC:RESTExampleUMKC:0.0.1-SNAPSHOT @ C:\Users\sushm\Lab6\RESTExampleUMKC\pom.xml.
2016-03-19 02:25:42,518 [Worker-12] INFO  o.e.m.j.i.AbstractJavaProjectConfigurator - Adding source folder /RESTExampleUMKC/src
2016-03-19 02:25:42,518 [Worker-12] INFO  o.e.m.j.i.AbstractJavaProjectConfigurator - Not adding source folder /RESTExampleUMKC/src/test/java because it overlaps with /RESTExampleUMKC/src
2016-03-19 02:25:42,739 [Worker-12] INFO  o.e.m.w.i.f.ResourceFilteringBuildParticipant - Cleaning filtered folder for RESTExampleUMKC
2016-03-19 02:25:42,745 [Worker-12] INFO  o.e.m.c.i.p.ProjectConfigurationManager - Update completed: 1 sec
2016-03-19 02:25:42,989 [Worker-25] WARN  o.e.m.c.i.embedder.EclipseLogger - Using platform encoding (Cp1252 actually) to copy filtered resources, i.e. build is platform dependent!
2016-03-19 02:25:42,994 [Worker-25] INFO  o.e.m.c.i.embedder.EclipseLogger - skip non existing resourceDirectory C:\Users\sushm\Lab6\RESTExampleUMKC\src\main\resources
2016-03-19 02:25:43,000 [Worker-25] WARN  o.e.m.c.i.embedder.EclipseLogger - Using platform encoding (Cp1252 actually) to copy filtered resources, i.e. build is platform dependent!
2016-03-19 02:25:43,005 [Worker-25] INFO  o.e.m.c.i.embedder.EclipseLogger - skip non existing resourceDirectory C:\Users\sushm\Lab6\RESTExampleUMKC\src\test\resources
2016-03-19 02:25:43,010 [Worker-25] INFO  o.e.m.w.i.f.ResourceFilteringBuildParticipant - Changed resources require a complete clean of filtered resources of RESTExampleUMKC
2016-03-19 02:25:43,010 [Worker-25] INFO  o.e.m.w.i.f.ResourceFilteringBuildParticipant - Executing resource filtering for RESTExampleUMKC
2016-03-19 02:25:43,020 [Worker-25] WARN  o.e.m.c.i.embedder.EclipseLogger - Using platform encoding (Cp1252 actually) to copy filtered resources, i.e. build is platform dependent!
2016-03-19 02:26:07,663 [main] INFO  o.e.m2e.actions.ExecutePomAction - Creating new launch configuration
2016-03-19 02:26:14,952 [Worker-27] INFO  o.e.m.i.launch.MavenLaunchDelegate - C:\Users\sushm\Lab6\RESTExampleUMKC
2016-03-19 02:26:14,952 [Worker-27] INFO  o.e.m.i.launch.MavenLaunchDelegate -  mvn -Pcom-sun-jersey:jersey-bundle:jar:1.19 -B clean install
2016-03-19 02:26:26,236 [Worker-21] INFO  o.e.m.w.i.f.ResourceFilteringBuildParticipant - Cleaning filtered folder for RESTExample
2016-03-19 02:26:26,250 [Worker-21] INFO  o.e.m.w.i.f.ResourceFilteringBuildParticipant - Cleaning filtered folder for RESTExampleUMKC
2016-03-19 02:26:26,395 [Worker-21] WARN  o.e.m.c.i.embedder.EclipseLogger - Using platform encoding (Cp1252 actually) to copy filtered resources, i.e. build is platform dependent!
2016-03-19 02:26:26,401 [Worker-21] INFO  o.e.m.c.i.embedder.EclipseLogger - skip non existing resourceDirectory C:\ASE\RESTExample\src\main\resources
2016-03-19 02:26:26,408 [Worker-21] WARN  o.e.m.c.i.embedder.EclipseLogger - Using platform encoding (Cp1252 actually) to copy filtered resources, i.e. build is platform dependent!
2016-03-19 02:26:26,414 [Worker-21] INFO  o.e.m.c.i.embedder.EclipseLogger - skip non existing resourceDirectory C:\ASE\RESTExample\src\test\resources
2016-03-19 02:26:26,421 [Worker-21] INFO  o.e.m.w.i.f.ResourceFilteringBuildParticipant - Changed resources require a complete clean of filtered resources of RESTExample
2016-03-19 02:26:26,421 [Worker-21] INFO  o.e.m.w.i.f.ResourceFilteringBuildParticipant - Executing resource filtering for RESTExample
2016-03-19 02:26:26,429 [Worker-21] WARN  o.e.m.c.i.embedder.EclipseLogger - Using platform encoding (Cp1252 actually) to copy filtered resources, i.e. build is platform dependent!
2016-03-19 02:26:26,483 [Worker-21] WARN  o.e.m.c.i.embedder.EclipseLogger - Using platform encoding (Cp1252 actually) to copy filtered resources, i.e. build is platform dependent!
2016-03-19 02:26:26,489 [Worker-21] INFO  o.e.m.c.i.embedder.EclipseLogger - skip non existing resourceDirectory C:\Users\sushm\Lab6\RESTExampleUMKC\src\main\resources
2016-03-19 02:26:26,491 [Worker-21] WARN  o.e.m.c.i.embedder.EclipseLogger - Using platform encoding (Cp1252 actually) to copy filtered resources, i.e. build is platform dependent!
2016-03-19 02:26:26,506 [Worker-21] INFO  o.e.m.c.i.embedder.EclipseLogger - skip non existing resourceDirectory C:\Users\sushm\Lab6\RESTExampleUMKC\src\test\resources
2016-03-19 02:26:26,506 [Worker-21] INFO  o.e.m.w.i.f.ResourceFilteringBuildParticipant - Changed resources require a complete clean of filtered resources of RESTExampleUMKC
2016-03-19 02:26:26,506 [Worker-21] INFO  o.e.m.w.i.f.ResourceFilteringBuildParticipant - Executing resource filtering for RESTExampleUMKC
2016-03-19 02:26:26,510 [Worker-21] WARN  o.e.m.c.i.embedder.EclipseLogger - Using platform encoding (Cp1252 actually) to copy filtered resources, i.e. build is platform dependent!
2016-03-19 02:26:31,590 [Worker-27] WARN  o.e.m.c.i.embedder.EclipseLogger - Using platform encoding (Cp1252 actually) to copy filtered resources, i.e. build is platform dependent!
2016-03-19 02:26:31,595 [Worker-27] INFO  o.e.m.c.i.embedder.EclipseLogger - skip non existing resourceDirectory C:\Users\sushm\Lab6\RESTExampleUMKC\src\main\resources
2016-03-19 02:26:31,596 [Worker-27] WARN  o.e.m.c.i.embedder.EclipseLogger - Using platform encoding (Cp1252 actually) to copy filtered resources, i.e. build is platform dependent!
2016-03-19 02:26:31,600 [Worker-27] INFO  o.e.m.c.i.embedder.EclipseLogger - skip non existing resourceDirectory C:\Users\sushm\Lab6\RESTExampleUMKC\src\test\resources
2016-03-19 10:44:01,371 [Worker-6] WARN  o.e.m.c.i.embedder.EclipseLogger - Using platform encoding (Cp1252 actually) to copy filtered resources, i.e. build is platform dependent!
2016-03-19 10:44:01,412 [Worker-6] INFO  o.e.m.c.i.embedder.EclipseLogger - skip non existing resourceDirectory C:\ASE\RESTExample\src\main\resources
2016-03-19 10:44:01,414 [Worker-6] WARN  o.e.m.c.i.embedder.EclipseLogger - Using platform encoding (Cp1252 actually) to copy filtered resources, i.e. build is platform dependent!
2016-03-19 10:44:01,419 [Worker-6] INFO  o.e.m.c.i.embedder.EclipseLogger - skip non existing resourceDirectory C:\ASE\RESTExample\src\test\resources
2016-03-19 10:44:15,344 [Worker-9] WARN  o.e.m.c.i.embedder.EclipseLogger - Using platform encoding (Cp1252 actually) to copy filtered resources, i.e. build is platform dependent!
2016-03-19 10:44:15,351 [Worker-9] INFO  o.e.m.c.i.embedder.EclipseLogger - skip non existing resourceDirectory C:\Users\sushm\Lab6\RESTExampleUMKC\src\main\resources
2016-03-19 10:44:15,352 [Worker-9] WARN  o.e.m.c.i.embedder.EclipseLogger - Using platform encoding (Cp1252 actually) to copy filtered resources, i.e. build is platform dependent!
2016-03-19 10:44:15,358 [Worker-9] INFO  o.e.m.c.i.embedder.EclipseLogger - skip non existing resourceDirectory C:\Users\sushm\Lab6\RESTExampleUMKC\src\test\resources
2016-03-19 10:45:53,851 [Worker-18] WARN  o.e.m.c.i.embedder.EclipseLogger - Using platform encoding (Cp1252 actually) to copy filtered resources, i.e. build is platform dependent!
2016-03-19 10:45:53,856 [Worker-18] INFO  o.e.m.c.i.embedder.EclipseLogger - skip non existing resourceDirectory C:\Users\sushm\Lab6\RESTExampleUMKC\src\main\resources
2016-03-19 10:45:53,857 [Worker-18] WARN  o.e.m.c.i.embedder.EclipseLogger - Using platform encoding (Cp1252 actually) to copy filtered resources, i.e. build is platform dependent!
2016-03-19 10:45:53,861 [Worker-18] INFO  o.e.m.c.i.embedder.EclipseLogger - skip non existing resourceDirectory C:\Users\sushm\Lab6\RESTExampleUMKC\src\test\resources
2016-03-19 10:48:05,800 [Worker-10] WARN  o.e.m.c.i.embedder.EclipseLogger - Using platform encoding (Cp1252 actually) to copy filtered resources, i.e. build is platform dependent!
2016-03-19 10:48:05,816 [Worker-10] INFO  o.e.m.c.i.embedder.EclipseLogger - skip non existing resourceDirectory C:\Users\sushm\Lab6\RESTExampleUMKC\src\main\resources
2016-03-19 10:48:05,819 [Worker-10] WARN  o.e.m.c.i.embedder.EclipseLogger - Using platform encoding (Cp1252 actually) to copy filtered resources, i.e. build is platform dependent!
2016-03-19 10:48:05,852 [Worker-10] INFO  o.e.m.c.i.embedder.EclipseLogger - skip non existing resourceDirectory C:\Users\sushm\Lab6\RESTExampleUMKC\src\test\resources
2016-03-19 10:49:22,905 [main] INFO  o.e.m2e.actions.ExecutePomAction - Creating new launch configuration
2016-03-19 10:49:29,816 [Worker-20] INFO  o.e.m.i.launch.MavenLaunchDelegate - C:\ASE\RESTExample
2016-03-19 10:49:29,830 [Worker-20] INFO  o.e.m.i.launch.MavenLaunchDelegate -  mvn -B clean install
2016-03-19 10:58:10,474 [Worker-24] WARN  o.e.m.c.i.embedder.EclipseLogger - Using platform encoding (Cp1252 actually) to copy filtered resources, i.e. build is platform dependent!
2016-03-19 10:58:10,482 [Worker-24] INFO  o.e.m.c.i.embedder.EclipseLogger - skip non existing resourceDirectory C:\Users\sushm\Lab6\RESTExampleUMKC\src\main\resources
2016-03-19 10:58:10,487 [Worker-24] WARN  o.e.m.c.i.embedder.EclipseLogger - Using platform encoding (Cp1252 actually) to copy filtered resources, i.e. build is platform dependent!
2016-03-19 10:58:10,493 [Worker-24] INFO  o.e.m.c.i.embedder.EclipseLogger - skip non existing resourceDirectory C:\Users\sushm\Lab6\RESTExampleUMKC\src\test\resources
2016-03-19 10:58:59,028 [Worker-28] WARN  o.e.m.c.i.embedder.EclipseLogger - Using platform encoding (Cp1252 actually) to copy filtered resources, i.e. build is platform dependent!
2016-03-19 10:58:59,040 [Worker-28] INFO  o.e.m.c.i.embedder.EclipseLogger - skip non existing resourceDirectory C:\Users\sushm\Lab6\RESTExampleUMKC\src\main\resources
2016-03-19 10:58:59,047 [Worker-28] WARN  o.e.m.c.i.embedder.EclipseLogger - Using platform encoding (Cp1252 actually) to copy filtered resources, i.e. build is platform dependent!
2016-03-19 10:58:59,060 [Worker-28] INFO  o.e.m.c.i.embedder.EclipseLogger - skip non existing resourceDirectory C:\Users\sushm\Lab6\RESTExampleUMKC\src\test\resources
2016-03-19 11:21:26,134 [Worker-31] WARN  o.e.m.c.i.embedder.EclipseLogger - Using platform encoding (Cp1252 actually) to copy filtered resources, i.e. build is platform dependent!
2016-03-19 11:21:26,143 [Worker-31] INFO  o.e.m.c.i.embedder.EclipseLogger - skip non existing resourceDirectory C:\Users\sushm\Lab6\RESTExampleUMKC\src\main\resources
2016-03-19 11:21:26,150 [Worker-31] WARN  o.e.m.c.i.embedder.EclipseLogger - Using platform encoding (Cp1252 actually) to copy filtered resources, i.e. build is platform dependent!
2016-03-19 11:21:26,162 [Worker-31] INFO  o.e.m.c.i.embedder.EclipseLogger - skip non existing resourceDirectory C:\Users\sushm\Lab6\RESTExampleUMKC\src\test\resources
2016-03-19 11:23:30,863 [main] INFO  o.e.m2e.actions.ExecutePomAction - Creating new launch configuration
2016-03-19 11:23:38,223 [Worker-25] INFO  o.e.m.i.launch.MavenLaunchDelegate - C:\Users\sushm\Lab6\RESTExampleUMKC
2016-03-19 11:23:38,228 [Worker-25] INFO  o.e.m.i.launch.MavenLaunchDelegate -  mvn -Pcom-sun-jersey:jersey-bundle:jar:1.19 -B clean install
2016-03-19 11:33:25,328 [Worker-49] WARN  o.e.m.c.i.embedder.EclipseLogger - Using platform encoding (Cp1252 actually) to copy filtered resources, i.e. build is platform dependent!
2016-03-19 11:33:25,337 [Worker-49] INFO  o.e.m.c.i.embedder.EclipseLogger - skip non existing resourceDirectory C:\Users\sushm\Lab6\RESTExampleUMKC\src\main\resources
2016-03-19 11:33:25,359 [Worker-49] WARN  o.e.m.c.i.embedder.EclipseLogger - Using platform encoding (Cp1252 actually) to copy filtered resources, i.e. build is platform dependent!
2016-03-19 11:33:25,379 [Worker-49] INFO  o.e.m.c.i.embedder.EclipseLogger - skip non existing resourceDirectory C:\Users\sushm\Lab6\RESTExampleUMKC\src\test\resources
2016-03-19 11:33:26,463 [Worker-46] WARN  o.e.m.c.i.embedder.EclipseLogger - Using platform encoding (Cp1252 actually) to copy filtered resources, i.e. build is platform dependent!
2016-03-19 11:33:26,472 [Worker-46] INFO  o.e.m.c.i.embedder.EclipseLogger - skip non existing resourceDirectory C:\Users\sushm\Lab6\RESTExampleUMKC\src\main\resources
2016-03-19 11:33:26,487 [Worker-46] WARN  o.e.m.c.i.embedder.EclipseLogger - Using platform encoding (Cp1252 actually) to copy filtered resources, i.e. build is platform dependent!
2016-03-19 11:33:26,506 [Worker-46] INFO  o.e.m.c.i.embedder.EclipseLogger - skip non existing resourceDirectory C:\Users\sushm\Lab6\RESTExampleUMKC\src\test\resources
